<?xml version="1.0" encoding="UTF-8"?>
<!-- Generated by org.testng.reporters.JUnitReportReporter -->
<testsuite skipped="0" hostname="fv-az417-115" name="com.learning.tests.OrangeHRMTests" tests="1" failures="0" timestamp="2023-05-31T01:33:03 UTC" time="22.702" errors="0">
  <testcase name="loginLogout" time="22.702" classname="com.learning.tests.OrangeHRMTests"/>
  <system-out/>
</testsuite> <!-- com.learning.tests.OrangeHRMTests -->
