<?xml version="1.0" encoding="UTF-8"?>
<!-- Generated by org.testng.reporters.JUnitReportReporter -->
<testsuite skipped="0" hostname="fv-az420-801" name="com.learning.tests.OrangeHRMTests" tests="1" failures="0" timestamp="2023-07-30T01:26:14 UTC" time="24.829" errors="0">
  <testcase name="loginLogout" time="24.829" classname="com.learning.tests.OrangeHRMTests"/>
  <system-out/>
</testsuite> <!-- com.learning.tests.OrangeHRMTests -->
