<?xml version="1.0" encoding="UTF-8"?>
<!-- Generated by org.testng.reporters.JUnitReportReporter -->
<testsuite skipped="0" hostname="fv-az653-777" name="com.learning.tests.OrangeHRMTests" tests="1" failures="0" timestamp="2024-01-10T01:18:02 UTC" time="42.201" errors="0">
  <testcase name="loginLogout" time="42.201" classname="com.learning.tests.OrangeHRMTests"/>
  <system-out/>
</testsuite> <!-- com.learning.tests.OrangeHRMTests -->
