<?xml version="1.0" encoding="UTF-8"?>
<!-- Generated by org.testng.reporters.JUnitReportReporter -->
<testsuite skipped="0" hostname="fv-az553-121" name="com.learning.tests.OrangeHRMTests" tests="1" failures="0" timestamp="2023-04-19T11:27:28 UTC" time="37.025" errors="0">
  <testcase name="loginLogout" time="37.025" classname="com.learning.tests.OrangeHRMTests"/>
  <system-out/>
</testsuite> <!-- com.learning.tests.OrangeHRMTests -->
