<?xml version="1.0" encoding="UTF-8"?>
<!-- Generated by org.testng.reporters.JUnitReportReporter -->
<testsuite skipped="0" hostname="fv-az1105-422" name="com.learning.tests.OrangeHRMTests" tests="1" failures="0" timestamp="2024-02-08T01:14:22 UTC" time="17.557" errors="0">
  <testcase name="loginLogout" time="17.557" classname="com.learning.tests.OrangeHRMTests"/>
  <system-out/>
</testsuite> <!-- com.learning.tests.OrangeHRMTests -->
