<?xml version="1.0" encoding="UTF-8"?>
<!-- Generated by org.testng.reporters.JUnitReportReporter -->
<testsuite skipped="0" hostname="fv-az663-382" name="com.learning.tests.OrangeHRMTests" tests="1" failures="0" timestamp="2023-11-23T01:18:26 UTC" time="42.747" errors="0">
  <testcase name="loginLogout" time="42.747" classname="com.learning.tests.OrangeHRMTests"/>
  <system-out/>
</testsuite> <!-- com.learning.tests.OrangeHRMTests -->
