<?xml version="1.0" encoding="UTF-8"?>
<!-- Generated by org.testng.reporters.JUnitReportReporter -->
<testsuite skipped="0" hostname="fv-az282-34" name="com.learning.tests.OrangeHRMTests" tests="1" failures="0" timestamp="2023-10-03T01:16:09 UTC" time="66.330" errors="0">
  <testcase name="loginLogout" time="66.330" classname="com.learning.tests.OrangeHRMTests"/>
  <system-out/>
</testsuite> <!-- com.learning.tests.OrangeHRMTests -->
