<?xml version="1.0" encoding="UTF-8"?>
<!-- Generated by org.testng.reporters.JUnitReportReporter -->
<testsuite skipped="0" hostname="fv-az844-738" name="com.learning.tests.OrangeHRMTests" tests="1" failures="0" timestamp="2024-03-19T01:20:29 UTC" time="41.491" errors="0">
  <testcase name="loginLogout" time="41.491" classname="com.learning.tests.OrangeHRMTests"/>
  <system-out/>
</testsuite> <!-- com.learning.tests.OrangeHRMTests -->
