<?xml version="1.0" encoding="UTF-8"?>
<!-- Generated by org.testng.reporters.JUnitReportReporter -->
<testsuite skipped="0" hostname="fv-az250-451" name="com.learning.tests.OrangeHRMTests" tests="1" failures="0" timestamp="2023-05-13T01:24:50 UTC" time="43.629" errors="0">
  <testcase name="loginLogout" time="43.629" classname="com.learning.tests.OrangeHRMTests"/>
  <system-out/>
</testsuite> <!-- com.learning.tests.OrangeHRMTests -->
