<?xml version="1.0" encoding="UTF-8"?>
<!-- Generated by org.testng.reporters.JUnitReportReporter -->
<testsuite skipped="0" hostname="fv-az663-39" name="com.learning.tests.OrangeHRMTests" tests="1" failures="0" timestamp="2024-02-27T01:13:15 UTC" time="52.119" errors="0">
  <testcase name="loginLogout" time="52.119" classname="com.learning.tests.OrangeHRMTests"/>
  <system-out/>
</testsuite> <!-- com.learning.tests.OrangeHRMTests -->
