<?xml version="1.0" encoding="UTF-8"?>
<!-- Generated by org.testng.reporters.JUnitReportReporter -->
<testsuite skipped="0" hostname="fv-az365-107" name="com.learning.tests.OrangeHRMTests" tests="1" failures="0" timestamp="2023-10-29T01:18:37 UTC" time="39.290" errors="0">
  <testcase name="loginLogout" time="39.290" classname="com.learning.tests.OrangeHRMTests"/>
  <system-out/>
</testsuite> <!-- com.learning.tests.OrangeHRMTests -->
