<?xml version="1.0" encoding="UTF-8"?>
<!-- Generated by org.testng.reporters.JUnitReportReporter -->
<testsuite skipped="0" hostname="fv-az319-668" name="com.learning.tests.OrangeHRMTests" tests="1" failures="0" timestamp="2023-06-07T01:35:37 UTC" time="18.949" errors="0">
  <testcase name="loginLogout" time="18.949" classname="com.learning.tests.OrangeHRMTests"/>
  <system-out/>
</testsuite> <!-- com.learning.tests.OrangeHRMTests -->
