<?xml version="1.0" encoding="UTF-8"?>
<!-- Generated by org.testng.reporters.JUnitReportReporter -->
<testsuite skipped="0" hostname="fv-az456-882" name="com.learning.tests.OrangeHRMTests" tests="1" failures="0" timestamp="2023-05-20T01:22:41 UTC" time="40.030" errors="0">
  <testcase name="loginLogout" time="40.030" classname="com.learning.tests.OrangeHRMTests"/>
  <system-out/>
</testsuite> <!-- com.learning.tests.OrangeHRMTests -->
