<?xml version="1.0" encoding="UTF-8"?>
<!-- Generated by org.testng.reporters.JUnitReportReporter -->
<testsuite skipped="0" hostname="fv-az623-426" name="com.learning.tests.OrangeHRMTests" tests="1" failures="0" timestamp="2023-06-15T01:35:40 UTC" time="29.539" errors="0">
  <testcase name="loginLogout" time="29.539" classname="com.learning.tests.OrangeHRMTests"/>
  <system-out/>
</testsuite> <!-- com.learning.tests.OrangeHRMTests -->
