<?xml version="1.0" encoding="UTF-8"?>
<!-- Generated by org.testng.reporters.JUnitReportReporter -->
<testsuite skipped="0" hostname="fv-az365-665" name="com.learning.tests.OrangeHRMTests" tests="1" failures="0" timestamp="2023-05-17T01:30:15 UTC" time="26.299" errors="0">
  <testcase name="loginLogout" time="26.299" classname="com.learning.tests.OrangeHRMTests"/>
  <system-out/>
</testsuite> <!-- com.learning.tests.OrangeHRMTests -->
