<?xml version="1.0" encoding="UTF-8"?>
<!-- Generated by org.testng.reporters.JUnitReportReporter -->
<testsuite skipped="0" hostname="fv-az972-351" name="com.learning.tests.OrangeHRMTests" tests="1" failures="0" timestamp="2023-12-12T01:18:10 UTC" time="20.540" errors="0">
  <testcase name="loginLogout" time="20.540" classname="com.learning.tests.OrangeHRMTests"/>
  <system-out/>
</testsuite> <!-- com.learning.tests.OrangeHRMTests -->
