<?xml version="1.0" encoding="UTF-8"?>
<!-- Generated by org.testng.reporters.JUnitReportReporter -->
<testsuite skipped="0" hostname="fv-az1489-582" name="com.learning.tests.OrangeHRMTests" tests="1" failures="0" timestamp="2023-12-04T01:14:02 UTC" time="16.926" errors="0">
  <testcase name="loginLogout" time="16.926" classname="com.learning.tests.OrangeHRMTests"/>
  <system-out/>
</testsuite> <!-- com.learning.tests.OrangeHRMTests -->
