<?xml version="1.0" encoding="UTF-8"?>
<!-- Generated by org.testng.reporters.JUnitReportReporter -->
<testsuite skipped="0" hostname="fv-az1455-340" name="com.learning.tests.OrangeHRMTests" tests="1" failures="0" timestamp="2024-02-13T01:13:33 UTC" time="33.715" errors="0">
  <testcase name="loginLogout" time="33.715" classname="com.learning.tests.OrangeHRMTests"/>
  <system-out/>
</testsuite> <!-- com.learning.tests.OrangeHRMTests -->
