<?xml version="1.0" encoding="UTF-8"?>
<!-- Generated by org.testng.reporters.JUnitReportReporter -->
<testsuite skipped="0" hostname="fv-az836-158" name="com.learning.tests.OrangeHRMTests" tests="1" failures="0" timestamp="2024-03-28T01:13:31 UTC" time="37.112" errors="0">
  <testcase name="loginLogout" time="37.112" classname="com.learning.tests.OrangeHRMTests"/>
  <system-out/>
</testsuite> <!-- com.learning.tests.OrangeHRMTests -->
