<?xml version="1.0" encoding="UTF-8"?>
<!-- Generated by org.testng.reporters.JUnitReportReporter -->
<testsuite skipped="0" hostname="fv-az206-0" name="com.learning.tests.OrangeHRMTests" tests="1" failures="0" timestamp="2023-10-12T01:11:46 UTC" time="40.697" errors="0">
  <testcase name="loginLogout" time="40.697" classname="com.learning.tests.OrangeHRMTests"/>
  <system-out/>
</testsuite> <!-- com.learning.tests.OrangeHRMTests -->
