<?xml version="1.0" encoding="UTF-8"?>
<!-- Generated by org.testng.reporters.JUnitReportReporter -->
<testsuite skipped="0" hostname="fv-az252-87" name="com.learning.tests.OrangeHRMTests" tests="1" failures="0" timestamp="2023-08-05T01:23:05 UTC" time="42.125" errors="0">
  <testcase name="loginLogout" time="42.125" classname="com.learning.tests.OrangeHRMTests"/>
  <system-out/>
</testsuite> <!-- com.learning.tests.OrangeHRMTests -->
