<?xml version="1.0" encoding="UTF-8"?>
<!-- Generated by org.testng.reporters.JUnitReportReporter -->
<testsuite skipped="0" hostname="fv-az206-34" name="com.learning.tests.OrangeHRMTests" tests="1" failures="0" timestamp="2023-07-03T01:48:00 UTC" time="33.632" errors="0">
  <testcase name="loginLogout" time="33.632" classname="com.learning.tests.OrangeHRMTests"/>
  <system-out/>
</testsuite> <!-- com.learning.tests.OrangeHRMTests -->
