<?xml version="1.0" encoding="UTF-8"?>
<!-- Generated by org.testng.reporters.JUnitReportReporter -->
<testsuite skipped="0" hostname="fv-az618-473" name="com.learning.tests.OrangeHRMTests" tests="1" failures="0" timestamp="2023-05-02T08:37:53 UTC" time="39.459" errors="0">
  <testcase name="loginLogout" time="39.459" classname="com.learning.tests.OrangeHRMTests"/>
  <system-out/>
</testsuite> <!-- com.learning.tests.OrangeHRMTests -->
