<?xml version="1.0" encoding="UTF-8"?>
<!-- Generated by org.testng.reporters.JUnitReportReporter -->
<testsuite skipped="0" hostname="fv-az89-567" name="com.learning.tests.OrangeHRMTests" tests="1" failures="0" timestamp="2023-08-11T01:10:34 UTC" time="34.351" errors="0">
  <testcase name="loginLogout" time="34.351" classname="com.learning.tests.OrangeHRMTests"/>
  <system-out/>
</testsuite> <!-- com.learning.tests.OrangeHRMTests -->
