<?xml version="1.0" encoding="UTF-8"?>
<!-- Generated by org.testng.reporters.JUnitReportReporter -->
<testsuite skipped="0" hostname="fv-az456-506" name="com.learning.tests.OrangeHRMTests" tests="1" failures="0" timestamp="2023-09-20T01:13:20 UTC" time="36.176" errors="0">
  <testcase name="loginLogout" time="36.176" classname="com.learning.tests.OrangeHRMTests"/>
  <system-out/>
</testsuite> <!-- com.learning.tests.OrangeHRMTests -->
