<?xml version="1.0" encoding="UTF-8"?>
<!-- Generated by org.testng.reporters.JUnitReportReporter -->
<testsuite skipped="0" hostname="fv-az980-86" name="com.learning.tests.OrangeHRMTests" tests="1" failures="0" timestamp="2023-12-26T01:14:27 UTC" time="36.382" errors="0">
  <testcase name="loginLogout" time="36.382" classname="com.learning.tests.OrangeHRMTests"/>
  <system-out/>
</testsuite> <!-- com.learning.tests.OrangeHRMTests -->
