<?xml version="1.0" encoding="UTF-8"?>
<!-- Generated by org.testng.reporters.JUnitReportReporter -->
<testsuite skipped="0" hostname="fv-az623-985" name="com.learning.tests.OrangeHRMTests" tests="1" failures="0" timestamp="2023-04-19T10:23:23 UTC" time="37.451" errors="0">
  <testcase name="loginLogout" time="37.451" classname="com.learning.tests.OrangeHRMTests"/>
  <system-out/>
</testsuite> <!-- com.learning.tests.OrangeHRMTests -->
