<?xml version="1.0" encoding="UTF-8"?>
<!-- Generated by org.testng.reporters.JUnitReportReporter -->
<testsuite skipped="0" hostname="fv-az618-1" name="com.learning.tests.OrangeHRMTests" tests="1" failures="0" timestamp="2023-10-08T01:17:32 UTC" time="34.922" errors="0">
  <testcase name="loginLogout" time="34.922" classname="com.learning.tests.OrangeHRMTests"/>
  <system-out/>
</testsuite> <!-- com.learning.tests.OrangeHRMTests -->
