<?xml version="1.0" encoding="UTF-8"?>
<!-- Generated by org.testng.reporters.JUnitReportReporter -->
<testsuite skipped="0" hostname="fv-az1564-337" name="com.learning.tests.OrangeHRMTests" tests="1" failures="0" timestamp="2023-11-17T01:17:02 UTC" time="34.336" errors="0">
  <testcase name="loginLogout" time="34.336" classname="com.learning.tests.OrangeHRMTests"/>
  <system-out/>
</testsuite> <!-- com.learning.tests.OrangeHRMTests -->
