<?xml version="1.0" encoding="UTF-8"?>
<!-- Generated by org.testng.reporters.JUnitReportReporter -->
<testsuite skipped="0" hostname="fv-az1258-349" name="com.learning.tests.OrangeHRMTests" tests="1" failures="0" timestamp="2024-01-24T01:19:38 UTC" time="77.204" errors="0">
  <testcase name="loginLogout" time="77.204" classname="com.learning.tests.OrangeHRMTests"/>
  <system-out/>
</testsuite> <!-- com.learning.tests.OrangeHRMTests -->
