<?xml version="1.0" encoding="UTF-8"?>
<!-- Generated by org.testng.reporters.JUnitReportReporter -->
<testsuite skipped="0" hostname="fv-az449-431" name="com.learning.tests.OrangeHRMTests" tests="1" failures="0" timestamp="2023-10-18T01:20:26 UTC" time="58.516" errors="0">
  <testcase name="loginLogout" time="58.516" classname="com.learning.tests.OrangeHRMTests"/>
  <system-out/>
</testsuite> <!-- com.learning.tests.OrangeHRMTests -->
