<?xml version="1.0" encoding="UTF-8"?>
<!-- Generated by org.testng.reporters.JUnitReportReporter -->
<testsuite skipped="0" hostname="fv-az411-169" name="com.learning.tests.OrangeHRMTests" tests="1" failures="0" timestamp="2023-06-30T01:38:52 UTC" time="43.112" errors="0">
  <testcase name="loginLogout" time="43.112" classname="com.learning.tests.OrangeHRMTests"/>
  <system-out/>
</testsuite> <!-- com.learning.tests.OrangeHRMTests -->
