<?xml version="1.0" encoding="UTF-8"?>
<!-- Generated by org.testng.reporters.JUnitReportReporter -->
<testsuite skipped="0" hostname="fv-az464-355" name="com.learning.tests.OrangeHRMTests" tests="1" failures="0" timestamp="2023-08-22T01:13:02 UTC" time="84.693" errors="0">
  <testcase name="loginLogout" time="84.693" classname="com.learning.tests.OrangeHRMTests"/>
  <system-out/>
</testsuite> <!-- com.learning.tests.OrangeHRMTests -->
