<?xml version="1.0" encoding="UTF-8"?>
<!-- Generated by org.testng.reporters.JUnitReportReporter -->
<testsuite skipped="0" hostname="fv-az972-688" name="com.learning.tests.OrangeHRMTests" tests="1" failures="0" timestamp="2024-03-21T01:19:25 UTC" time="36.677" errors="0">
  <testcase name="loginLogout" time="36.677" classname="com.learning.tests.OrangeHRMTests"/>
  <system-out/>
</testsuite> <!-- com.learning.tests.OrangeHRMTests -->
