<?xml version="1.0" encoding="UTF-8"?>
<!-- Generated by org.testng.reporters.JUnitReportReporter -->
<testsuite skipped="0" hostname="fv-az811-491" name="com.learning.tests.OrangeHRMTests" tests="1" failures="0" timestamp="2023-07-05T01:42:32 UTC" time="59.584" errors="0">
  <testcase name="loginLogout" time="59.584" classname="com.learning.tests.OrangeHRMTests"/>
  <system-out/>
</testsuite> <!-- com.learning.tests.OrangeHRMTests -->
