<?xml version="1.0" encoding="UTF-8"?>
<!-- Generated by org.testng.reporters.JUnitReportReporter -->
<testsuite skipped="0" hostname="fv-az653-186" name="com.learning.tests.OrangeHRMTests" tests="1" failures="0" timestamp="2024-03-29T13:18:53 UTC" time="32.900" errors="0">
  <testcase name="loginLogout" time="32.900" classname="com.learning.tests.OrangeHRMTests"/>
  <system-out/>
</testsuite> <!-- com.learning.tests.OrangeHRMTests -->
