<?xml version="1.0" encoding="UTF-8"?>
<!-- Generated by org.testng.reporters.JUnitReportReporter -->
<testsuite skipped="0" hostname="fv-az269-583" name="com.learning.tests.OrangeHRMTests" tests="1" failures="0" timestamp="2023-05-01T01:27:43 UTC" time="36.104" errors="0">
  <testcase name="loginLogout" time="36.104" classname="com.learning.tests.OrangeHRMTests"/>
  <system-out/>
</testsuite> <!-- com.learning.tests.OrangeHRMTests -->
