<?xml version="1.0" encoding="UTF-8"?>
<!-- Generated by org.testng.reporters.JUnitReportReporter -->
<testsuite skipped="0" hostname="fv-az931-816" name="com.learning.tests.OrangeHRMTests" tests="1" failures="0" timestamp="2023-06-20T01:32:49 UTC" time="48.278" errors="0">
  <testcase name="loginLogout" time="48.278" classname="com.learning.tests.OrangeHRMTests"/>
  <system-out/>
</testsuite> <!-- com.learning.tests.OrangeHRMTests -->
