<?xml version="1.0" encoding="UTF-8"?>
<!-- Generated by org.testng.reporters.JUnitReportReporter -->
<testsuite skipped="0" hostname="fv-az1564-395" name="com.learning.tests.OrangeHRMTests" tests="1" failures="0" timestamp="2024-03-14T01:12:55 UTC" time="34.751" errors="0">
  <testcase name="loginLogout" time="34.751" classname="com.learning.tests.OrangeHRMTests"/>
  <system-out/>
</testsuite> <!-- com.learning.tests.OrangeHRMTests -->
