<?xml version="1.0" encoding="UTF-8"?>
<!-- Generated by org.testng.reporters.JUnitReportReporter -->
<testsuite skipped="0" hostname="fv-az89-955" name="com.learning.tests.OrangeHRMTests" tests="1" failures="0" timestamp="2023-08-08T01:24:08 UTC" time="40.618" errors="0">
  <testcase name="loginLogout" time="40.618" classname="com.learning.tests.OrangeHRMTests"/>
  <system-out/>
</testsuite> <!-- com.learning.tests.OrangeHRMTests -->
