<?xml version="1.0" encoding="UTF-8"?>
<!-- Generated by org.testng.reporters.JUnitReportReporter -->
<testsuite skipped="0" hostname="fv-az416-468" name="com.learning.tests.OrangeHRMTests" tests="1" failures="0" timestamp="2023-08-10T01:26:27 UTC" time="49.029" errors="0">
  <testcase name="loginLogout" time="49.029" classname="com.learning.tests.OrangeHRMTests"/>
  <system-out/>
</testsuite> <!-- com.learning.tests.OrangeHRMTests -->
