<?xml version="1.0" encoding="UTF-8"?>
<!-- Generated by org.testng.reporters.JUnitReportReporter -->
<testsuite skipped="0" hostname="fv-az553-156" name="com.learning.tests.OrangeHRMTests" tests="1" failures="0" timestamp="2023-04-26T01:26:36 UTC" time="24.135" errors="0">
  <testcase name="loginLogout" time="24.135" classname="com.learning.tests.OrangeHRMTests"/>
  <system-out/>
</testsuite> <!-- com.learning.tests.OrangeHRMTests -->
