<?xml version="1.0" encoding="UTF-8"?>
<!-- Generated by org.testng.reporters.JUnitReportReporter -->
<testsuite skipped="0" hostname="fv-az521-949" name="com.learning.tests.OrangeHRMTests" tests="1" failures="0" timestamp="2023-12-21T01:15:19 UTC" time="34.158" errors="0">
  <testcase name="loginLogout" time="34.158" classname="com.learning.tests.OrangeHRMTests"/>
  <system-out/>
</testsuite> <!-- com.learning.tests.OrangeHRMTests -->
