<?xml version="1.0" encoding="UTF-8"?>
<!-- Generated by org.testng.reporters.JUnitReportReporter -->
<testsuite skipped="0" hostname="fv-az1212-960" name="com.learning.tests.OrangeHRMTests" tests="1" failures="0" timestamp="2024-03-15T01:14:25 UTC" time="20.298" errors="0">
  <testcase name="loginLogout" time="20.298" classname="com.learning.tests.OrangeHRMTests"/>
  <system-out/>
</testsuite> <!-- com.learning.tests.OrangeHRMTests -->
