<?xml version="1.0" encoding="UTF-8"?>
<!-- Generated by org.testng.reporters.JUnitReportReporter -->
<testsuite skipped="0" hostname="fv-az269-979" name="com.learning.tests.OrangeHRMTests" tests="1" failures="0" timestamp="2023-11-02T01:14:05 UTC" time="20.296" errors="0">
  <testcase name="loginLogout" time="20.296" classname="com.learning.tests.OrangeHRMTests"/>
  <system-out/>
</testsuite> <!-- com.learning.tests.OrangeHRMTests -->
