<?xml version="1.0" encoding="UTF-8"?>
<!-- Generated by org.testng.reporters.JUnitReportReporter -->
<testsuite skipped="0" hostname="fv-az270-968" name="com.learning.tests.OrangeHRMTests" tests="1" failures="0" timestamp="2023-07-29T01:22:22 UTC" time="28.389" errors="0">
  <testcase name="loginLogout" time="28.389" classname="com.learning.tests.OrangeHRMTests"/>
  <system-out/>
</testsuite> <!-- com.learning.tests.OrangeHRMTests -->
