<?xml version="1.0" encoding="UTF-8"?>
<!-- Generated by org.testng.reporters.JUnitReportReporter -->
<testsuite skipped="0" hostname="fv-az1212-703" name="com.learning.tests.OrangeHRMTests" tests="1" failures="0" timestamp="2024-01-02T01:30:02 UTC" time="37.965" errors="0">
  <testcase name="loginLogout" time="37.965" classname="com.learning.tests.OrangeHRMTests"/>
  <system-out/>
</testsuite> <!-- com.learning.tests.OrangeHRMTests -->
