<?xml version="1.0" encoding="UTF-8"?>
<!-- Generated by org.testng.reporters.JUnitReportReporter -->
<testsuite skipped="0" hostname="fv-az1258-549" name="com.learning.tests.OrangeHRMTests" tests="1" failures="0" timestamp="2024-03-22T01:15:10 UTC" time="35.078" errors="0">
  <testcase name="loginLogout" time="35.078" classname="com.learning.tests.OrangeHRMTests"/>
  <system-out/>
</testsuite> <!-- com.learning.tests.OrangeHRMTests -->
