<?xml version="1.0" encoding="UTF-8"?>
<!-- Generated by org.testng.reporters.JUnitReportReporter -->
<testsuite skipped="0" hostname="fv-az972-677" name="com.learning.tests.OrangeHRMTests" tests="1" failures="0" timestamp="2023-12-06T01:23:33 UTC" time="26.845" errors="0">
  <testcase name="loginLogout" time="26.845" classname="com.learning.tests.OrangeHRMTests"/>
  <system-out/>
</testsuite> <!-- com.learning.tests.OrangeHRMTests -->
