<?xml version="1.0" encoding="UTF-8"?>
<!-- Generated by org.testng.reporters.JUnitReportReporter -->
<testsuite skipped="0" hostname="fv-az464-896" name="com.learning.tests.OrangeHRMTests" tests="1" failures="0" timestamp="2023-08-01T01:28:58 UTC" time="22.521" errors="0">
  <testcase name="loginLogout" time="22.521" classname="com.learning.tests.OrangeHRMTests"/>
  <system-out/>
</testsuite> <!-- com.learning.tests.OrangeHRMTests -->
