<?xml version="1.0" encoding="UTF-8"?>
<!-- Generated by org.testng.reporters.JUnitReportReporter -->
<testsuite skipped="0" hostname="fv-az449-70" name="com.learning.tests.OrangeHRMTests" tests="1" failures="0" timestamp="2023-11-01T01:18:09 UTC" time="33.877" errors="0">
  <testcase name="loginLogout" time="33.877" classname="com.learning.tests.OrangeHRMTests"/>
  <system-out/>
</testsuite> <!-- com.learning.tests.OrangeHRMTests -->
