<?xml version="1.0" encoding="UTF-8"?>
<!-- Generated by org.testng.reporters.JUnitReportReporter -->
<testsuite skipped="0" hostname="fv-az534-989" name="com.learning.tests.OrangeHRMTests" tests="1" failures="0" timestamp="2023-12-24T01:20:01 UTC" time="39.234" errors="0">
  <testcase name="loginLogout" time="39.234" classname="com.learning.tests.OrangeHRMTests"/>
  <system-out/>
</testsuite> <!-- com.learning.tests.OrangeHRMTests -->
