<?xml version="1.0" encoding="UTF-8"?>
<!-- Generated by org.testng.reporters.JUnitReportReporter -->
<testsuite skipped="0" hostname="fv-az623-807" name="com.learning.tests.OrangeHRMTests" tests="1" failures="0" timestamp="2023-10-23T01:14:29 UTC" time="33.665" errors="0">
  <testcase name="loginLogout" time="33.665" classname="com.learning.tests.OrangeHRMTests"/>
  <system-out/>
</testsuite> <!-- com.learning.tests.OrangeHRMTests -->
