<?xml version="1.0" encoding="UTF-8"?>
<!-- Generated by org.testng.reporters.JUnitReportReporter -->
<testsuite skipped="0" hostname="fv-az411-67" name="com.learning.tests.OrangeHRMTests" tests="1" failures="0" timestamp="2023-05-25T01:26:44 UTC" time="25.734" errors="0">
  <testcase name="loginLogout" time="25.734" classname="com.learning.tests.OrangeHRMTests"/>
  <system-out/>
</testsuite> <!-- com.learning.tests.OrangeHRMTests -->
