<?xml version="1.0" encoding="UTF-8"?>
<!-- Generated by org.testng.reporters.JUnitReportReporter -->
<testsuite skipped="0" hostname="fv-az1489-499" name="com.learning.tests.OrangeHRMTests" tests="1" failures="0" timestamp="2024-01-31T01:20:14 UTC" time="31.465" errors="0">
  <testcase name="loginLogout" time="31.465" classname="com.learning.tests.OrangeHRMTests"/>
  <system-out/>
</testsuite> <!-- com.learning.tests.OrangeHRMTests -->
