<?xml version="1.0" encoding="UTF-8"?>
<!-- Generated by org.testng.reporters.JUnitReportReporter -->
<testsuite skipped="0" hostname="fv-az405-660" name="com.learning.tests.OrangeHRMTests" tests="1" failures="0" timestamp="2023-07-15T01:43:04 UTC" time="42.859" errors="0">
  <testcase name="loginLogout" time="42.859" classname="com.learning.tests.OrangeHRMTests"/>
  <system-out/>
</testsuite> <!-- com.learning.tests.OrangeHRMTests -->
