<?xml version="1.0" encoding="UTF-8"?>
<!-- Generated by org.testng.reporters.JUnitReportReporter -->
<testsuite skipped="0" hostname="fv-az479-275" name="com.learning.tests.OrangeHRMTests" tests="1" failures="0" timestamp="2023-05-10T01:27:26 UTC" time="40.330" errors="0">
  <testcase name="loginLogout" time="40.330" classname="com.learning.tests.OrangeHRMTests"/>
  <system-out/>
</testsuite> <!-- com.learning.tests.OrangeHRMTests -->
