<?xml version="1.0" encoding="UTF-8"?>
<!-- Generated by org.testng.reporters.JUnitReportReporter -->
<testsuite skipped="0" hostname="fv-az972-157" name="com.learning.tests.OrangeHRMTests" tests="1" failures="0" timestamp="2024-02-10T01:12:48 UTC" time="40.796" errors="0">
  <testcase name="loginLogout" time="40.796" classname="com.learning.tests.OrangeHRMTests"/>
  <system-out/>
</testsuite> <!-- com.learning.tests.OrangeHRMTests -->
