<?xml version="1.0" encoding="UTF-8"?>
<!-- Generated by org.testng.reporters.JUnitReportReporter -->
<testsuite skipped="0" hostname="fv-az365-797" name="com.learning.tests.OrangeHRMTests" tests="1" failures="0" timestamp="2023-09-10T01:18:44 UTC" time="37.049" errors="0">
  <testcase name="loginLogout" time="37.049" classname="com.learning.tests.OrangeHRMTests"/>
  <system-out/>
</testsuite> <!-- com.learning.tests.OrangeHRMTests -->
