<?xml version="1.0" encoding="UTF-8"?>
<!-- Generated by org.testng.reporters.JUnitReportReporter -->
<testsuite skipped="0" hostname="fv-az365-280" name="com.learning.tests.OrangeHRMTests" tests="1" failures="0" timestamp="2023-09-16T01:13:58 UTC" time="22.810" errors="0">
  <testcase name="loginLogout" time="22.810" classname="com.learning.tests.OrangeHRMTests"/>
  <system-out/>
</testsuite> <!-- com.learning.tests.OrangeHRMTests -->
