<?xml version="1.0" encoding="UTF-8"?>
<!-- Generated by org.testng.reporters.JUnitReportReporter -->
<testsuite skipped="0" hostname="fv-az1495-823" name="com.learning.tests.OrangeHRMTests" tests="1" failures="0" timestamp="2023-12-16T01:16:45 UTC" time="39.300" errors="0">
  <testcase name="loginLogout" time="39.300" classname="com.learning.tests.OrangeHRMTests"/>
  <system-out/>
</testsuite> <!-- com.learning.tests.OrangeHRMTests -->
