<?xml version="1.0" encoding="UTF-8"?>
<!-- Generated by org.testng.reporters.JUnitReportReporter -->
<testsuite skipped="0" hostname="fv-az1564-395" name="com.learning.tests.OrangeHRMTests" tests="1" failures="0" timestamp="2024-03-17T01:16:22 UTC" time="31.470" errors="0">
  <testcase name="loginLogout" time="31.470" classname="com.learning.tests.OrangeHRMTests"/>
  <system-out/>
</testsuite> <!-- com.learning.tests.OrangeHRMTests -->
