<?xml version="1.0" encoding="UTF-8"?>
<!-- Generated by org.testng.reporters.JUnitReportReporter -->
<testsuite skipped="0" hostname="fv-az1258-198" name="com.learning.tests.OrangeHRMTests" tests="1" failures="0" timestamp="2023-12-18T01:18:15 UTC" time="40.315" errors="0">
  <testcase name="loginLogout" time="40.315" classname="com.learning.tests.OrangeHRMTests"/>
  <system-out/>
</testsuite> <!-- com.learning.tests.OrangeHRMTests -->
