<?xml version="1.0" encoding="UTF-8"?>
<!-- Generated by org.testng.reporters.JUnitReportReporter -->
<testsuite skipped="0" hostname="fv-az1230-763" name="com.learning.tests.OrangeHRMTests" tests="1" failures="0" timestamp="2023-07-14T01:40:53 UTC" time="35.403" errors="0">
  <testcase name="loginLogout" time="35.403" classname="com.learning.tests.OrangeHRMTests"/>
  <system-out/>
</testsuite> <!-- com.learning.tests.OrangeHRMTests -->
