<?xml version="1.0" encoding="UTF-8"?>
<!-- Generated by org.testng.reporters.JUnitReportReporter -->
<testsuite skipped="0" hostname="fv-az1564-223" name="com.learning.tests.OrangeHRMTests" tests="1" failures="0" timestamp="2024-03-11T01:14:19 UTC" time="23.399" errors="0">
  <testcase name="loginLogout" time="23.399" classname="com.learning.tests.OrangeHRMTests"/>
  <system-out/>
</testsuite> <!-- com.learning.tests.OrangeHRMTests -->
