<?xml version="1.0" encoding="UTF-8"?>
<!-- Generated by org.testng.reporters.JUnitReportReporter -->
<testsuite skipped="0" hostname="fv-az464-622" name="com.learning.tests.OrangeHRMTests" tests="1" failures="0" timestamp="2023-05-16T01:25:22 UTC" time="135.372" errors="0">
  <testcase name="loginLogout" time="135.372" classname="com.learning.tests.OrangeHRMTests"/>
  <system-out/>
</testsuite> <!-- com.learning.tests.OrangeHRMTests -->
