<?xml version="1.0" encoding="UTF-8"?>
<!-- Generated by org.testng.reporters.JUnitReportReporter -->
<testsuite skipped="0" hostname="fv-az1113-969" name="com.learning.tests.OrangeHRMTests" tests="1" failures="0" timestamp="2023-10-24T01:16:44 UTC" time="47.974" errors="0">
  <testcase name="loginLogout" time="47.974" classname="com.learning.tests.OrangeHRMTests"/>
  <system-out/>
</testsuite> <!-- com.learning.tests.OrangeHRMTests -->
