<?xml version="1.0" encoding="UTF-8"?>
<!-- Generated by org.testng.reporters.JUnitReportReporter -->
<testsuite skipped="0" hostname="fv-az365-244" name="com.learning.tests.OrangeHRMTests" tests="1" failures="0" timestamp="2023-04-24T01:26:38 UTC" time="38.951" errors="0">
  <testcase name="loginLogout" time="38.951" classname="com.learning.tests.OrangeHRMTests"/>
  <system-out/>
</testsuite> <!-- com.learning.tests.OrangeHRMTests -->
