<?xml version="1.0" encoding="UTF-8"?>
<!-- Generated by org.testng.reporters.JUnitReportReporter -->
<testsuite skipped="0" hostname="fv-az269-586" name="com.learning.tests.OrangeHRMTests" tests="1" failures="0" timestamp="2023-08-09T01:28:06 UTC" time="138.894" errors="0">
  <testcase name="loginLogout" time="138.894" classname="com.learning.tests.OrangeHRMTests"/>
  <system-out/>
</testsuite> <!-- com.learning.tests.OrangeHRMTests -->
