<?xml version="1.0" encoding="UTF-8"?>
<!-- Generated by org.testng.reporters.JUnitReportReporter -->
<testsuite skipped="0" hostname="fv-az1113-94" name="com.learning.tests.OrangeHRMTests" tests="1" failures="0" timestamp="2023-11-10T01:17:04 UTC" time="40.050" errors="0">
  <testcase name="loginLogout" time="40.050" classname="com.learning.tests.OrangeHRMTests"/>
  <system-out/>
</testsuite> <!-- com.learning.tests.OrangeHRMTests -->
