<?xml version="1.0" encoding="UTF-8"?>
<!-- Generated by org.testng.reporters.JUnitReportReporter -->
<testsuite skipped="0" hostname="fv-az282-740" name="com.learning.tests.OrangeHRMTests" tests="1" failures="0" timestamp="2023-06-27T01:41:28 UTC" time="22.388" errors="0">
  <testcase name="loginLogout" time="22.388" classname="com.learning.tests.OrangeHRMTests"/>
  <system-out/>
</testsuite> <!-- com.learning.tests.OrangeHRMTests -->
