<?xml version="1.0" encoding="UTF-8"?>
<!-- Generated by org.testng.reporters.JUnitReportReporter -->
<testsuite skipped="0" hostname="fv-az250-388" name="com.learning.tests.OrangeHRMTests" tests="1" failures="0" timestamp="2023-10-25T01:16:01 UTC" time="43.106" errors="0">
  <testcase name="loginLogout" time="43.106" classname="com.learning.tests.OrangeHRMTests"/>
  <system-out/>
</testsuite> <!-- com.learning.tests.OrangeHRMTests -->
