<?xml version="1.0" encoding="UTF-8"?>
<!-- Generated by org.testng.reporters.JUnitReportReporter -->
<testsuite skipped="0" hostname="fv-az534-555" name="com.learning.tests.OrangeHRMTests" tests="1" failures="0" timestamp="2024-02-18T01:17:57 UTC" time="35.900" errors="0">
  <testcase name="loginLogout" time="35.900" classname="com.learning.tests.OrangeHRMTests"/>
  <system-out/>
</testsuite> <!-- com.learning.tests.OrangeHRMTests -->
