<?xml version="1.0" encoding="UTF-8"?>
<!-- Generated by org.testng.reporters.JUnitReportReporter -->
<testsuite skipped="0" hostname="fv-az1455-36" name="com.learning.tests.OrangeHRMTests" tests="1" failures="0" timestamp="2024-02-04T01:17:12 UTC" time="23.895" errors="0">
  <testcase name="loginLogout" time="23.895" classname="com.learning.tests.OrangeHRMTests"/>
  <system-out/>
</testsuite> <!-- com.learning.tests.OrangeHRMTests -->
