<?xml version="1.0" encoding="UTF-8"?>
<!-- Generated by org.testng.reporters.JUnitReportReporter -->
<testsuite skipped="0" hostname="fv-az844-190" name="com.learning.tests.OrangeHRMTests" tests="1" failures="0" timestamp="2023-11-21T01:21:15 UTC" time="51.182" errors="0">
  <testcase name="loginLogout" time="51.182" classname="com.learning.tests.OrangeHRMTests"/>
  <system-out/>
</testsuite> <!-- com.learning.tests.OrangeHRMTests -->
