<?xml version="1.0" encoding="UTF-8"?>
<!-- Generated by org.testng.reporters.JUnitReportReporter -->
<testsuite skipped="0" hostname="fv-az89-125" name="com.learning.tests.OrangeHRMTests" tests="1" failures="0" timestamp="2023-10-26T01:13:27 UTC" time="38.364" errors="0">
  <testcase name="loginLogout" time="38.364" classname="com.learning.tests.OrangeHRMTests"/>
  <system-out/>
</testsuite> <!-- com.learning.tests.OrangeHRMTests -->
