<?xml version="1.0" encoding="UTF-8"?>
<!-- Generated by org.testng.reporters.JUnitReportReporter -->
<testsuite skipped="0" hostname="fv-az89-767" name="com.learning.tests.OrangeHRMTests" tests="1" failures="0" timestamp="2023-10-02T01:15:15 UTC" time="37.419" errors="0">
  <testcase name="loginLogout" time="37.419" classname="com.learning.tests.OrangeHRMTests"/>
  <system-out/>
</testsuite> <!-- com.learning.tests.OrangeHRMTests -->
