<?xml version="1.0" encoding="UTF-8"?>
<!-- Generated by org.testng.reporters.JUnitReportReporter -->
<testsuite skipped="0" hostname="fv-az448-945" name="com.learning.tests.OrangeHRMTests" tests="1" failures="0" timestamp="2023-07-13T01:57:44 UTC" time="59.050" errors="0">
  <testcase name="loginLogout" time="59.050" classname="com.learning.tests.OrangeHRMTests"/>
  <system-out/>
</testsuite> <!-- com.learning.tests.OrangeHRMTests -->
