<?xml version="1.0" encoding="UTF-8"?>
<!-- Generated by org.testng.reporters.JUnitReportReporter -->
<testsuite skipped="0" hostname="fv-az1455-775" name="com.learning.tests.OrangeHRMTests" tests="1" failures="0" timestamp="2023-11-22T01:24:34 UTC" time="35.680" errors="0">
  <testcase name="loginLogout" time="35.680" classname="com.learning.tests.OrangeHRMTests"/>
  <system-out/>
</testsuite> <!-- com.learning.tests.OrangeHRMTests -->
