<?xml version="1.0" encoding="UTF-8"?>
<!-- Generated by org.testng.reporters.JUnitReportReporter -->
<testsuite skipped="0" hostname="fv-az742-861" name="com.learning.tests.OrangeHRMTests" tests="1" failures="0" timestamp="2024-02-29T01:22:41 UTC" time="50.875" errors="0">
  <testcase name="loginLogout" time="50.875" classname="com.learning.tests.OrangeHRMTests"/>
  <system-out/>
</testsuite> <!-- com.learning.tests.OrangeHRMTests -->
