<?xml version="1.0" encoding="UTF-8"?>
<!-- Generated by org.testng.reporters.JUnitReportReporter -->
<testsuite skipped="0" hostname="fv-az1258-582" name="com.learning.tests.OrangeHRMTests" tests="1" failures="0" timestamp="2024-01-21T01:22:18 UTC" time="37.410" errors="0">
  <testcase name="loginLogout" time="37.410" classname="com.learning.tests.OrangeHRMTests"/>
  <system-out/>
</testsuite> <!-- com.learning.tests.OrangeHRMTests -->
