<?xml version="1.0" encoding="UTF-8"?>
<!-- Generated by org.testng.reporters.JUnitReportReporter -->
<testsuite skipped="0" hostname="fv-az980-259" name="com.learning.tests.OrangeHRMTests" tests="1" failures="0" timestamp="2024-03-05T01:18:54 UTC" time="21.434" errors="0">
  <testcase name="loginLogout" time="21.434" classname="com.learning.tests.OrangeHRMTests"/>
  <system-out/>
</testsuite> <!-- com.learning.tests.OrangeHRMTests -->
