<?xml version="1.0" encoding="UTF-8"?>
<!-- Generated by org.testng.reporters.JUnitReportReporter -->
<testsuite skipped="0" hostname="fv-az277-294" name="com.learning.tests.OrangeHRMTests" tests="1" failures="0" timestamp="2023-10-10T01:12:16 UTC" time="23.154" errors="0">
  <testcase name="loginLogout" time="23.154" classname="com.learning.tests.OrangeHRMTests"/>
  <system-out/>
</testsuite> <!-- com.learning.tests.OrangeHRMTests -->
