<?xml version="1.0" encoding="UTF-8"?>
<!-- Generated by org.testng.reporters.JUnitReportReporter -->
<testsuite skipped="0" hostname="fv-az282-123" name="com.learning.tests.OrangeHRMTests" tests="1" failures="0" timestamp="2023-10-28T01:12:12 UTC" time="37.581" errors="0">
  <testcase name="loginLogout" time="37.581" classname="com.learning.tests.OrangeHRMTests"/>
  <system-out/>
</testsuite> <!-- com.learning.tests.OrangeHRMTests -->
