<?xml version="1.0" encoding="UTF-8"?>
<!-- Generated by org.testng.reporters.JUnitReportReporter -->
<testsuite skipped="0" hostname="fv-az417-480" name="com.learning.tests.OrangeHRMTests" tests="1" failures="0" timestamp="2023-04-21T01:18:55 UTC" time="28.022" errors="0">
  <testcase name="loginLogout" time="28.022" classname="com.learning.tests.OrangeHRMTests"/>
  <system-out/>
</testsuite> <!-- com.learning.tests.OrangeHRMTests -->
