<?xml version="1.0" encoding="UTF-8"?>
<!-- Generated by org.testng.reporters.JUnitReportReporter -->
<testsuite skipped="0" hostname="fv-az1390-413" name="com.learning.tests.OrangeHRMTests" tests="1" failures="0" timestamp="2023-12-05T01:19:25 UTC" time="46.054" errors="0">
  <testcase name="loginLogout" time="46.054" classname="com.learning.tests.OrangeHRMTests"/>
  <system-out/>
</testsuite> <!-- com.learning.tests.OrangeHRMTests -->
