<?xml version="1.0" encoding="UTF-8"?>
<!-- Generated by org.testng.reporters.JUnitReportReporter -->
<testsuite skipped="0" hostname="fv-az416-570" name="com.learning.tests.OrangeHRMTests" tests="1" failures="0" timestamp="2023-09-24T01:17:51 UTC" time="57.315" errors="0">
  <testcase name="loginLogout" time="57.315" classname="com.learning.tests.OrangeHRMTests"/>
  <system-out/>
</testsuite> <!-- com.learning.tests.OrangeHRMTests -->
