<?xml version="1.0" encoding="UTF-8"?>
<!-- Generated by org.testng.reporters.JUnitReportReporter -->
<testsuite skipped="0" hostname="fv-az843-92" name="com.learning.tests.OrangeHRMTests" tests="1" failures="0" timestamp="2023-09-02T01:10:01 UTC" time="19.896" errors="0">
  <testcase name="loginLogout" time="19.896" classname="com.learning.tests.OrangeHRMTests"/>
  <system-out/>
</testsuite> <!-- com.learning.tests.OrangeHRMTests -->
