<?xml version="1.0" encoding="UTF-8"?>
<!-- Generated by org.testng.reporters.JUnitReportReporter -->
<testsuite skipped="0" hostname="fv-az534-206" name="com.learning.tests.OrangeHRMTests" tests="1" failures="0" timestamp="2024-01-15T01:20:56 UTC" time="36.123" errors="0">
  <testcase name="loginLogout" time="36.123" classname="com.learning.tests.OrangeHRMTests"/>
  <system-out/>
</testsuite> <!-- com.learning.tests.OrangeHRMTests -->
