<?xml version="1.0" encoding="UTF-8"?>
<!-- Generated by org.testng.reporters.JUnitReportReporter -->
<testsuite skipped="0" hostname="fv-az417-115" name="com.learning.tests.OrangeHRMTests" tests="1" failures="0" timestamp="2023-05-30T01:24:40 UTC" time="20.311" errors="0">
  <testcase name="loginLogout" time="20.311" classname="com.learning.tests.OrangeHRMTests"/>
  <system-out/>
</testsuite> <!-- com.learning.tests.OrangeHRMTests -->
