<?xml version="1.0" encoding="UTF-8"?>
<!-- Generated by org.testng.reporters.JUnitReportReporter -->
<testsuite skipped="0" hostname="fv-az282-56" name="com.learning.tests.OrangeHRMTests" tests="1" failures="0" timestamp="2023-06-01T02:00:39 UTC" time="44.146" errors="0">
  <testcase name="loginLogout" time="44.146" classname="com.learning.tests.OrangeHRMTests"/>
  <system-out/>
</testsuite> <!-- com.learning.tests.OrangeHRMTests -->
