<?xml version="1.0" encoding="UTF-8"?>
<!-- Generated by org.testng.reporters.JUnitReportReporter -->
<testsuite skipped="0" hostname="fv-az618-1" name="com.learning.tests.OrangeHRMTests" tests="1" failures="0" timestamp="2023-10-05T01:14:14 UTC" time="37.064" errors="0">
  <testcase name="loginLogout" time="37.064" classname="com.learning.tests.OrangeHRMTests"/>
  <system-out/>
</testsuite> <!-- com.learning.tests.OrangeHRMTests -->
