<?xml version="1.0" encoding="UTF-8"?>
<!-- Generated by org.testng.reporters.JUnitReportReporter -->
<testsuite skipped="0" hostname="fv-az250-55" name="com.learning.tests.OrangeHRMTests" tests="1" failures="0" timestamp="2023-07-23T01:33:36 UTC" time="38.545" errors="0">
  <testcase name="loginLogout" time="38.545" classname="com.learning.tests.OrangeHRMTests"/>
  <system-out/>
</testsuite> <!-- com.learning.tests.OrangeHRMTests -->
