<?xml version="1.0" encoding="UTF-8"?>
<!-- Generated by org.testng.reporters.JUnitReportReporter -->
<testsuite skipped="0" hostname="fv-az1212-828" name="com.learning.tests.OrangeHRMTests" tests="1" failures="0" timestamp="2024-01-26T01:19:46 UTC" time="59.965" errors="0">
  <testcase name="loginLogout" time="59.965" classname="com.learning.tests.OrangeHRMTests"/>
  <system-out/>
</testsuite> <!-- com.learning.tests.OrangeHRMTests -->
