<?xml version="1.0" encoding="UTF-8"?>
<!-- Generated by org.testng.reporters.JUnitReportReporter -->
<testsuite skipped="0" hostname="fv-az731-236" name="com.learning.tests.OrangeHRMTests" tests="1" failures="0" timestamp="2024-02-01T01:16:09 UTC" time="35.418" errors="0">
  <testcase name="loginLogout" time="35.418" classname="com.learning.tests.OrangeHRMTests"/>
  <system-out/>
</testsuite> <!-- com.learning.tests.OrangeHRMTests -->
