<?xml version="1.0" encoding="UTF-8"?>
<!-- Generated by org.testng.reporters.JUnitReportReporter -->
<testsuite skipped="0" hostname="fv-az283-314" name="com.learning.tests.OrangeHRMTests" tests="1" failures="0" timestamp="2023-07-16T02:00:46 UTC" time="34.407" errors="0">
  <testcase name="loginLogout" time="34.407" classname="com.learning.tests.OrangeHRMTests"/>
  <system-out/>
</testsuite> <!-- com.learning.tests.OrangeHRMTests -->
