<?xml version="1.0" encoding="UTF-8"?>
<!-- Generated by org.testng.reporters.JUnitReportReporter -->
<testsuite skipped="0" hostname="fv-az369-228" name="com.learning.tests.OrangeHRMTests" tests="1" failures="0" timestamp="2023-09-19T01:12:29 UTC" time="19.065" errors="0">
  <testcase name="loginLogout" time="19.065" classname="com.learning.tests.OrangeHRMTests"/>
  <system-out/>
</testsuite> <!-- com.learning.tests.OrangeHRMTests -->
