<?xml version="1.0" encoding="UTF-8"?>
<!-- Generated by org.testng.reporters.JUnitReportReporter -->
<testsuite skipped="0" hostname="fv-az405-318" name="com.learning.tests.OrangeHRMTests" tests="1" failures="0" timestamp="2023-05-07T01:27:42 UTC" time="33.589" errors="0">
  <testcase name="loginLogout" time="33.589" classname="com.learning.tests.OrangeHRMTests"/>
  <system-out/>
</testsuite> <!-- com.learning.tests.OrangeHRMTests -->
