<?xml version="1.0" encoding="UTF-8"?>
<!-- Generated by org.testng.reporters.JUnitReportReporter -->
<testsuite skipped="0" hostname="fv-az618-473" name="com.learning.tests.OrangeHRMTests" tests="1" failures="0" timestamp="2023-04-28T01:29:03 UTC" time="55.064" errors="0">
  <testcase name="loginLogout" time="55.064" classname="com.learning.tests.OrangeHRMTests"/>
  <system-out/>
</testsuite> <!-- com.learning.tests.OrangeHRMTests -->
