<?xml version="1.0" encoding="UTF-8"?>
<!-- Generated by org.testng.reporters.JUnitReportReporter -->
<testsuite skipped="0" hostname="fv-az448-362" name="com.learning.tests.OrangeHRMTests" tests="1" failures="0" timestamp="2023-09-25T01:17:09 UTC" time="42.269" errors="0">
  <testcase name="loginLogout" time="42.269" classname="com.learning.tests.OrangeHRMTests"/>
  <system-out/>
</testsuite> <!-- com.learning.tests.OrangeHRMTests -->
