<?xml version="1.0" encoding="UTF-8"?>
<!-- Generated by org.testng.reporters.JUnitReportReporter -->
<testsuite skipped="0" hostname="fv-az1455-140" name="com.learning.tests.OrangeHRMTests" tests="1" failures="0" timestamp="2024-01-03T01:16:39 UTC" time="22.207" errors="0">
  <testcase name="loginLogout" time="22.207" classname="com.learning.tests.OrangeHRMTests"/>
  <system-out/>
</testsuite> <!-- com.learning.tests.OrangeHRMTests -->
