<?xml version="1.0" encoding="UTF-8"?>
<!-- Generated by org.testng.reporters.JUnitReportReporter -->
<testsuite skipped="0" hostname="fv-az553-382" name="com.learning.tests.OrangeHRMTests" tests="1" failures="0" timestamp="2023-04-27T01:28:24 UTC" time="38.461" errors="0">
  <testcase name="loginLogout" time="38.461" classname="com.learning.tests.OrangeHRMTests"/>
  <system-out/>
</testsuite> <!-- com.learning.tests.OrangeHRMTests -->
