<?xml version="1.0" encoding="UTF-8"?>
<!-- Generated by org.testng.reporters.JUnitReportReporter -->
<testsuite skipped="0" hostname="fv-az464-622" name="com.learning.tests.OrangeHRMTests" tests="1" failures="0" timestamp="2023-05-23T01:26:08 UTC" time="36.900" errors="0">
  <testcase name="loginLogout" time="36.900" classname="com.learning.tests.OrangeHRMTests"/>
  <system-out/>
</testsuite> <!-- com.learning.tests.OrangeHRMTests -->
