<?xml version="1.0" encoding="UTF-8"?>
<!-- Generated by org.testng.reporters.JUnitReportReporter -->
<testsuite skipped="0" hostname="fv-az623-344" name="com.learning.tests.OrangeHRMTests" tests="1" failures="0" timestamp="2023-09-17T01:16:16 UTC" time="34.998" errors="0">
  <testcase name="loginLogout" time="34.998" classname="com.learning.tests.OrangeHRMTests"/>
  <system-out/>
</testsuite> <!-- com.learning.tests.OrangeHRMTests -->
