<?xml version="1.0" encoding="UTF-8"?>
<!-- Generated by org.testng.reporters.JUnitReportReporter -->
<testsuite skipped="0" hostname="fv-az1212-291" name="com.learning.tests.OrangeHRMTests" tests="1" failures="0" timestamp="2024-02-16T01:13:55 UTC" time="34.707" errors="0">
  <testcase name="loginLogout" time="34.707" classname="com.learning.tests.OrangeHRMTests"/>
  <system-out/>
</testsuite> <!-- com.learning.tests.OrangeHRMTests -->
