<?xml version="1.0" encoding="UTF-8"?>
<!-- Generated by org.testng.reporters.JUnitReportReporter -->
<testsuite skipped="0" hostname="fv-az623-902" name="com.learning.tests.OrangeHRMTests" tests="1" failures="0" timestamp="2023-09-08T01:18:30 UTC" time="44.371" errors="0">
  <testcase name="loginLogout" time="44.371" classname="com.learning.tests.OrangeHRMTests"/>
  <system-out/>
</testsuite> <!-- com.learning.tests.OrangeHRMTests -->
