<?xml version="1.0" encoding="UTF-8"?>
<!-- Generated by org.testng.reporters.JUnitReportReporter -->
<testsuite skipped="0" hostname="fv-az411-471" name="com.learning.tests.OrangeHRMTests" tests="1" failures="0" timestamp="2023-09-30T01:13:58 UTC" time="99.127" errors="0">
  <testcase name="loginLogout" time="99.127" classname="com.learning.tests.OrangeHRMTests"/>
  <system-out/>
</testsuite> <!-- com.learning.tests.OrangeHRMTests -->
