<?xml version="1.0" encoding="UTF-8"?>
<!-- Generated by org.testng.reporters.JUnitReportReporter -->
<testsuite skipped="0" hostname="fv-az836-620" name="com.learning.tests.OrangeHRMTests" tests="1" failures="0" timestamp="2024-02-28T01:19:47 UTC" time="49.279" errors="0">
  <testcase name="loginLogout" time="49.279" classname="com.learning.tests.OrangeHRMTests"/>
  <system-out/>
</testsuite> <!-- com.learning.tests.OrangeHRMTests -->
