<?xml version="1.0" encoding="UTF-8"?>
<!-- Generated by org.testng.reporters.JUnitReportReporter -->
<testsuite skipped="0" hostname="fv-az479-783" name="com.learning.tests.OrangeHRMTests" tests="1" failures="0" timestamp="2023-04-29T01:26:20 UTC" time="39.747" errors="0">
  <testcase name="loginLogout" time="39.747" classname="com.learning.tests.OrangeHRMTests"/>
  <system-out/>
</testsuite> <!-- com.learning.tests.OrangeHRMTests -->
