<?xml version="1.0" encoding="UTF-8"?>
<!-- Generated by org.testng.reporters.JUnitReportReporter -->
<testsuite skipped="0" hostname="fv-az479-931" name="com.learning.tests.OrangeHRMTests" tests="1" failures="0" timestamp="2023-05-08T01:23:56 UTC" time="26.616" errors="0">
  <testcase name="loginLogout" time="26.616" classname="com.learning.tests.OrangeHRMTests"/>
  <system-out/>
</testsuite> <!-- com.learning.tests.OrangeHRMTests -->
