<?xml version="1.0" encoding="UTF-8"?>
<!-- Generated by org.testng.reporters.JUnitReportReporter -->
<testsuite skipped="0" hostname="fv-az534-685" name="com.learning.tests.OrangeHRMTests" tests="1" failures="0" timestamp="2024-03-09T01:12:04 UTC" time="50.580" errors="0">
  <testcase name="loginLogout" time="50.580" classname="com.learning.tests.OrangeHRMTests"/>
  <system-out/>
</testsuite> <!-- com.learning.tests.OrangeHRMTests -->
