<?xml version="1.0" encoding="UTF-8"?>
<!-- Generated by org.testng.reporters.JUnitReportReporter -->
<testsuite skipped="0" hostname="fv-az653-643" name="com.learning.tests.OrangeHRMTests" tests="1" failures="0" timestamp="2024-02-07T01:11:34 UTC" time="43.846" errors="0">
  <testcase name="loginLogout" time="43.846" classname="com.learning.tests.OrangeHRMTests"/>
  <system-out/>
</testsuite> <!-- com.learning.tests.OrangeHRMTests -->
