<?xml version="1.0" encoding="UTF-8"?>
<!-- Generated by org.testng.reporters.JUnitReportReporter -->
<testsuite skipped="0" hostname="fv-az972-660" name="com.learning.tests.OrangeHRMTests" tests="1" failures="0" timestamp="2024-01-06T01:17:16 UTC" time="39.232" errors="0">
  <testcase name="loginLogout" time="39.232" classname="com.learning.tests.OrangeHRMTests"/>
  <system-out/>
</testsuite> <!-- com.learning.tests.OrangeHRMTests -->
