<?xml version="1.0" encoding="UTF-8"?>
<!-- Generated by org.testng.reporters.JUnitReportReporter -->
<testsuite skipped="0" hostname="fv-az553-77" name="com.learning.tests.OrangeHRMTests" tests="1" failures="0" timestamp="2023-08-12T01:10:35 UTC" time="23.074" errors="0">
  <testcase name="loginLogout" time="23.074" classname="com.learning.tests.OrangeHRMTests"/>
  <system-out/>
</testsuite> <!-- com.learning.tests.OrangeHRMTests -->
