<?xml version="1.0" encoding="UTF-8"?>
<!-- Generated by org.testng.reporters.JUnitReportReporter -->
<testsuite skipped="0" hostname="fv-az319-930" name="com.learning.tests.OrangeHRMTests" tests="1" failures="0" timestamp="2023-06-13T01:37:12 UTC" time="42.112" errors="0">
  <testcase name="loginLogout" time="42.112" classname="com.learning.tests.OrangeHRMTests"/>
  <system-out/>
</testsuite> <!-- com.learning.tests.OrangeHRMTests -->
