<?xml version="1.0" encoding="UTF-8"?>
<!-- Generated by org.testng.reporters.JUnitReportReporter -->
<testsuite skipped="0" hostname="fv-az250-83" name="com.learning.tests.OrangeHRMTests" tests="1" failures="0" timestamp="2023-09-13T01:18:56 UTC" time="54.436" errors="0">
  <testcase name="loginLogout" time="54.436" classname="com.learning.tests.OrangeHRMTests"/>
  <system-out/>
</testsuite> <!-- com.learning.tests.OrangeHRMTests -->
