<?xml version="1.0" encoding="UTF-8"?>
<!-- Generated by org.testng.reporters.JUnitReportReporter -->
<testsuite skipped="0" hostname="fv-az1390-83" name="com.learning.tests.OrangeHRMTests" tests="1" failures="0" timestamp="2023-12-31T01:21:28 UTC" time="36.875" errors="0">
  <testcase name="loginLogout" time="36.875" classname="com.learning.tests.OrangeHRMTests"/>
  <system-out/>
</testsuite> <!-- com.learning.tests.OrangeHRMTests -->
