<?xml version="1.0" encoding="UTF-8"?>
<!-- Generated by org.testng.reporters.JUnitReportReporter -->
<testsuite skipped="0" hostname="fv-az1489-804" name="com.learning.tests.OrangeHRMTests" tests="1" failures="0" timestamp="2024-01-11T01:17:45 UTC" time="33.649" errors="0">
  <testcase name="loginLogout" time="33.649" classname="com.learning.tests.OrangeHRMTests"/>
  <system-out/>
</testsuite> <!-- com.learning.tests.OrangeHRMTests -->
