<?xml version="1.0" encoding="UTF-8"?>
<!-- Generated by org.testng.reporters.JUnitReportReporter -->
<testsuite skipped="0" hostname="fv-az319-195" name="com.learning.tests.OrangeHRMTests" tests="1" failures="0" timestamp="2023-07-06T01:41:37 UTC" time="33.548" errors="0">
  <testcase name="loginLogout" time="33.548" classname="com.learning.tests.OrangeHRMTests"/>
  <system-out/>
</testsuite> <!-- com.learning.tests.OrangeHRMTests -->
