<?xml version="1.0" encoding="UTF-8"?>
<!-- Generated by org.testng.reporters.JUnitReportReporter -->
<testsuite skipped="0" hostname="fv-az1495-720" name="com.learning.tests.OrangeHRMTests" tests="1" failures="0" timestamp="2024-02-12T01:15:20 UTC" time="46.817" errors="0">
  <testcase name="loginLogout" time="46.817" classname="com.learning.tests.OrangeHRMTests"/>
  <system-out/>
</testsuite> <!-- com.learning.tests.OrangeHRMTests -->
