<?xml version="1.0" encoding="UTF-8"?>
<!-- Generated by org.testng.reporters.JUnitReportReporter -->
<testsuite skipped="0" hostname="fv-az844-399" name="com.learning.tests.OrangeHRMTests" tests="1" failures="0" timestamp="2024-01-12T01:18:11 UTC" time="35.156" errors="0">
  <testcase name="loginLogout" time="35.156" classname="com.learning.tests.OrangeHRMTests"/>
  <system-out/>
</testsuite> <!-- com.learning.tests.OrangeHRMTests -->
