<?xml version="1.0" encoding="UTF-8"?>
<!-- Generated by org.testng.reporters.JUnitReportReporter -->
<testsuite skipped="0" hostname="fv-az269-62" name="com.learning.tests.OrangeHRMTests" tests="1" failures="0" timestamp="2023-09-04T01:15:43 UTC" time="37.005" errors="0">
  <testcase name="loginLogout" time="37.005" classname="com.learning.tests.OrangeHRMTests"/>
  <system-out/>
</testsuite> <!-- com.learning.tests.OrangeHRMTests -->
