<?xml version="1.0" encoding="UTF-8"?>
<!-- Generated by org.testng.reporters.JUnitReportReporter -->
<testsuite skipped="0" hostname="fv-az714-759" name="com.learning.tests.OrangeHRMTests" tests="1" failures="0" timestamp="2023-08-24T01:12:26 UTC" time="32.790" errors="0">
  <testcase name="loginLogout" time="32.790" classname="com.learning.tests.OrangeHRMTests"/>
  <system-out/>
</testsuite> <!-- com.learning.tests.OrangeHRMTests -->
