<?xml version="1.0" encoding="UTF-8"?>
<!-- Generated by org.testng.reporters.JUnitReportReporter -->
<testsuite skipped="0" hostname="fv-az1390-831" name="com.learning.tests.OrangeHRMTests" tests="1" failures="0" timestamp="2023-11-24T01:16:48 UTC" time="40.009" errors="0">
  <testcase name="loginLogout" time="40.009" classname="com.learning.tests.OrangeHRMTests"/>
  <system-out/>
</testsuite> <!-- com.learning.tests.OrangeHRMTests -->
