<?xml version="1.0" encoding="UTF-8"?>
<!-- Generated by org.testng.reporters.JUnitReportReporter -->
<testsuite skipped="0" hostname="fv-az479-659" name="com.learning.tests.OrangeHRMTests" tests="1" failures="0" timestamp="2023-06-09T01:40:44 UTC" time="137.528" errors="0">
  <testcase name="loginLogout" time="137.528" classname="com.learning.tests.OrangeHRMTests"/>
  <system-out/>
</testsuite> <!-- com.learning.tests.OrangeHRMTests -->
