<?xml version="1.0" encoding="UTF-8"?>
<!-- Generated by org.testng.reporters.JUnitReportReporter -->
<testsuite skipped="0" hostname="fv-az411-897" name="com.learning.tests.OrangeHRMTests" tests="1" failures="0" timestamp="2023-10-06T01:13:46 UTC" time="38.217" errors="0">
  <testcase name="loginLogout" time="38.217" classname="com.learning.tests.OrangeHRMTests"/>
  <system-out/>
</testsuite> <!-- com.learning.tests.OrangeHRMTests -->
