<?xml version="1.0" encoding="UTF-8"?>
<!-- Generated by org.testng.reporters.JUnitReportReporter -->
<testsuite skipped="0" hostname="fv-az405-808" name="com.learning.tests.OrangeHRMTests" tests="1" failures="0" timestamp="2023-07-01T01:54:16 UTC" time="31.292" errors="0">
  <testcase name="loginLogout" time="31.292" classname="com.learning.tests.OrangeHRMTests"/>
  <system-out/>
</testsuite> <!-- com.learning.tests.OrangeHRMTests -->
