<?xml version="1.0" encoding="UTF-8"?>
<!-- Generated by org.testng.reporters.JUnitReportReporter -->
<testsuite skipped="0" hostname="fv-az1258-352" name="com.learning.tests.OrangeHRMTests" tests="1" failures="0" timestamp="2024-02-21T01:12:37 UTC" time="31.548" errors="0">
  <testcase name="loginLogout" time="31.548" classname="com.learning.tests.OrangeHRMTests"/>
  <system-out/>
</testsuite> <!-- com.learning.tests.OrangeHRMTests -->
