<?xml version="1.0" encoding="UTF-8"?>
<!-- Generated by org.testng.reporters.JUnitReportReporter -->
<testsuite skipped="0" hostname="fv-az653-951" name="com.learning.tests.OrangeHRMTests" tests="1" failures="0" timestamp="2023-11-16T01:16:07 UTC" time="32.972" errors="0">
  <testcase name="loginLogout" time="32.972" classname="com.learning.tests.OrangeHRMTests"/>
  <system-out/>
</testsuite> <!-- com.learning.tests.OrangeHRMTests -->
