<?xml version="1.0" encoding="UTF-8"?>
<!-- Generated by org.testng.reporters.JUnitReportReporter -->
<testsuite skipped="0" hostname="fv-az1489-712" name="com.learning.tests.OrangeHRMTests" tests="1" failures="0" timestamp="2023-11-13T01:16:08 UTC" time="35.224" errors="0">
  <testcase name="loginLogout" time="35.224" classname="com.learning.tests.OrangeHRMTests"/>
  <system-out/>
</testsuite> <!-- com.learning.tests.OrangeHRMTests -->
