<?xml version="1.0" encoding="UTF-8"?>
<!-- Generated by org.testng.reporters.JUnitReportReporter -->
<testsuite skipped="0" hostname="fv-az980-524" name="com.learning.tests.OrangeHRMTests" tests="1" failures="0" timestamp="2024-03-02T01:10:07 UTC" time="35.359" errors="0">
  <testcase name="loginLogout" time="35.359" classname="com.learning.tests.OrangeHRMTests"/>
  <system-out/>
</testsuite> <!-- com.learning.tests.OrangeHRMTests -->
