<?xml version="1.0" encoding="UTF-8"?>
<!-- Generated by org.testng.reporters.JUnitReportReporter -->
<testsuite skipped="0" hostname="fv-az1111-150" name="com.learning.tests.OrangeHRMTests" tests="1" failures="0" timestamp="2024-03-12T01:12:58 UTC" time="23.765" errors="0">
  <testcase name="loginLogout" time="23.765" classname="com.learning.tests.OrangeHRMTests"/>
  <system-out/>
</testsuite> <!-- com.learning.tests.OrangeHRMTests -->
