<?xml version="1.0" encoding="UTF-8"?>
<!-- Generated by org.testng.reporters.JUnitReportReporter -->
<testsuite skipped="0" hostname="fv-az89-62" name="com.learning.tests.OrangeHRMTests" tests="1" failures="0" timestamp="2023-10-09T01:14:59 UTC" time="33.614" errors="0">
  <testcase name="loginLogout" time="33.614" classname="com.learning.tests.OrangeHRMTests"/>
  <system-out/>
</testsuite> <!-- com.learning.tests.OrangeHRMTests -->
