<?xml version="1.0" encoding="UTF-8"?>
<!-- Generated by org.testng.reporters.JUnitReportReporter -->
<testsuite skipped="0" hostname="fv-az714-87" name="com.learning.tests.OrangeHRMTests" tests="1" failures="0" timestamp="2023-08-07T01:26:26 UTC" time="42.567" errors="0">
  <testcase name="loginLogout" time="42.567" classname="com.learning.tests.OrangeHRMTests"/>
  <system-out/>
</testsuite> <!-- com.learning.tests.OrangeHRMTests -->
