<?xml version="1.0" encoding="UTF-8"?>
<!-- Generated by org.testng.reporters.JUnitReportReporter -->
<testsuite skipped="0" hostname="fv-az449-610" name="com.learning.tests.OrangeHRMTests" tests="1" failures="0" timestamp="2023-08-16T01:14:23 UTC" time="82.515" errors="0">
  <testcase name="loginLogout" time="82.515" classname="com.learning.tests.OrangeHRMTests"/>
  <system-out/>
</testsuite> <!-- com.learning.tests.OrangeHRMTests -->
