<?xml version="1.0" encoding="UTF-8"?>
<!-- Generated by org.testng.reporters.JUnitReportReporter -->
<testsuite skipped="0" hostname="fv-az586-439" name="com.learning.tests.OrangeHRMTests" tests="1" failures="0" timestamp="2024-02-03T01:12:24 UTC" time="33.508" errors="0">
  <testcase name="loginLogout" time="33.508" classname="com.learning.tests.OrangeHRMTests"/>
  <system-out/>
</testsuite> <!-- com.learning.tests.OrangeHRMTests -->
