<?xml version="1.0" encoding="UTF-8"?>
<!-- Generated by org.testng.reporters.JUnitReportReporter -->
<testsuite skipped="0" hostname="fv-az553-960" name="com.learning.tests.OrangeHRMTests" tests="1" failures="0" timestamp="2023-05-10T02:31:34 UTC" time="43.358" errors="0">
  <testcase name="loginLogout" time="43.358" classname="com.learning.tests.OrangeHRMTests"/>
  <system-out/>
</testsuite> <!-- com.learning.tests.OrangeHRMTests -->
