<?xml version="1.0" encoding="UTF-8"?>
<!-- Generated by org.testng.reporters.JUnitReportReporter -->
<testsuite skipped="0" hostname="fv-az435-671" name="com.learning.tests.OrangeHRMTests" tests="1" failures="0" timestamp="2023-05-29T01:26:59 UTC" time="25.024" errors="0">
  <testcase name="loginLogout" time="25.024" classname="com.learning.tests.OrangeHRMTests"/>
  <system-out/>
</testsuite> <!-- com.learning.tests.OrangeHRMTests -->
