<?xml version="1.0" encoding="UTF-8"?>
<!-- Generated by org.testng.reporters.JUnitReportReporter -->
<testsuite skipped="0" hostname="fv-az192-928" name="com.learning.tests.OrangeHRMTests" tests="1" failures="0" timestamp="2023-06-08T01:36:17 UTC" time="37.933" errors="0">
  <testcase name="loginLogout" time="37.933" classname="com.learning.tests.OrangeHRMTests"/>
  <system-out/>
</testsuite> <!-- com.learning.tests.OrangeHRMTests -->
