<?xml version="1.0" encoding="UTF-8"?>
<!-- Generated by org.testng.reporters.JUnitReportReporter -->
<testsuite skipped="0" hostname="fv-az464-705" name="com.learning.tests.OrangeHRMTests" tests="1" failures="0" timestamp="2023-09-21T01:12:59 UTC" time="35.438" errors="0">
  <testcase name="loginLogout" time="35.438" classname="com.learning.tests.OrangeHRMTests"/>
  <system-out/>
</testsuite> <!-- com.learning.tests.OrangeHRMTests -->
