<?xml version="1.0" encoding="UTF-8"?>
<!-- Generated by org.testng.reporters.JUnitReportReporter -->
<testsuite skipped="0" hostname="fv-az89-492" name="com.learning.tests.OrangeHRMTests" tests="1" failures="0" timestamp="2023-05-05T01:22:51 UTC" time="38.198" errors="0">
  <testcase name="loginLogout" time="38.198" classname="com.learning.tests.OrangeHRMTests"/>
  <system-out/>
</testsuite> <!-- com.learning.tests.OrangeHRMTests -->
