<?xml version="1.0" encoding="UTF-8"?>
<!-- Generated by org.testng.reporters.JUnitReportReporter -->
<testsuite skipped="0" hostname="fv-az844-474" name="com.learning.tests.OrangeHRMTests" tests="1" failures="0" timestamp="2023-12-03T01:21:02 UTC" time="42.276" errors="0">
  <testcase name="loginLogout" time="42.276" classname="com.learning.tests.OrangeHRMTests"/>
  <system-out/>
</testsuite> <!-- com.learning.tests.OrangeHRMTests -->
