<?xml version="1.0" encoding="UTF-8"?>
<!-- Generated by org.testng.reporters.JUnitReportReporter -->
<testsuite skipped="0" hostname="fv-az1390-80" name="com.learning.tests.OrangeHRMTests" tests="1" failures="0" timestamp="2024-03-20T01:13:45 UTC" time="40.713" errors="0">
  <testcase name="loginLogout" time="40.713" classname="com.learning.tests.OrangeHRMTests"/>
  <system-out/>
</testsuite> <!-- com.learning.tests.OrangeHRMTests -->
