<?xml version="1.0" encoding="UTF-8"?>
<!-- Generated by org.testng.reporters.JUnitReportReporter -->
<testsuite skipped="0" hostname="fv-az1489-462" name="com.learning.tests.OrangeHRMTests" tests="1" failures="0" timestamp="2024-03-24T01:18:36 UTC" time="32.044" errors="0">
  <testcase name="loginLogout" time="32.044" classname="com.learning.tests.OrangeHRMTests"/>
  <system-out/>
</testsuite> <!-- com.learning.tests.OrangeHRMTests -->
