<?xml version="1.0" encoding="UTF-8"?>
<!-- Generated by org.testng.reporters.JUnitReportReporter -->
<testsuite skipped="0" hostname="fv-az252-180" name="com.learning.tests.OrangeHRMTests" tests="1" failures="0" timestamp="2023-10-19T01:14:30 UTC" time="34.763" errors="0">
  <testcase name="loginLogout" time="34.763" classname="com.learning.tests.OrangeHRMTests"/>
  <system-out/>
</testsuite> <!-- com.learning.tests.OrangeHRMTests -->
