<?xml version="1.0" encoding="UTF-8"?>
<!-- Generated by org.testng.reporters.JUnitReportReporter -->
<testsuite skipped="0" hostname="fv-az1105-876" name="com.learning.tests.OrangeHRMTests" tests="1" failures="0" timestamp="2024-03-07T01:16:44 UTC" time="43.112" errors="0">
  <testcase name="loginLogout" time="43.112" classname="com.learning.tests.OrangeHRMTests"/>
  <system-out/>
</testsuite> <!-- com.learning.tests.OrangeHRMTests -->
