<?xml version="1.0" encoding="UTF-8"?>
<!-- Generated by org.testng.reporters.JUnitReportReporter -->
<testsuite skipped="0" hostname="fv-az252-765" name="com.learning.tests.OrangeHRMTests" tests="1" failures="0" timestamp="2023-10-14T01:13:09 UTC" time="39.175" errors="0">
  <testcase name="loginLogout" time="39.175" classname="com.learning.tests.OrangeHRMTests"/>
  <system-out/>
</testsuite> <!-- com.learning.tests.OrangeHRMTests -->
