<?xml version="1.0" encoding="UTF-8"?>
<!-- Generated by org.testng.reporters.JUnitReportReporter -->
<testsuite skipped="0" hostname="fv-az269-583" name="com.learning.tests.OrangeHRMTests" tests="1" failures="0" timestamp="2023-04-30T01:29:31 UTC" time="38.308" errors="0">
  <testcase name="loginLogout" time="38.308" classname="com.learning.tests.OrangeHRMTests"/>
  <system-out/>
</testsuite> <!-- com.learning.tests.OrangeHRMTests -->
