<?xml version="1.0" encoding="UTF-8"?>
<!-- Generated by org.testng.reporters.JUnitReportReporter -->
<testsuite skipped="0" hostname="fv-az843-488" name="com.learning.tests.OrangeHRMTests" tests="1" failures="0" timestamp="2023-09-18T01:15:40 UTC" time="143.961" errors="0">
  <testcase name="loginLogout" time="143.961" classname="com.learning.tests.OrangeHRMTests"/>
  <system-out/>
</testsuite> <!-- com.learning.tests.OrangeHRMTests -->
