<?xml version="1.0" encoding="UTF-8"?>
<!-- Generated by org.testng.reporters.JUnitReportReporter -->
<testsuite skipped="0" hostname="fv-az931-956" name="com.learning.tests.OrangeHRMTests" tests="1" failures="0" timestamp="2023-08-30T01:14:31 UTC" time="34.759" errors="0">
  <testcase name="loginLogout" time="34.759" classname="com.learning.tests.OrangeHRMTests"/>
  <system-out/>
</testsuite> <!-- com.learning.tests.OrangeHRMTests -->
