<?xml version="1.0" encoding="UTF-8"?>
<!-- Generated by org.testng.reporters.JUnitReportReporter -->
<testsuite skipped="0" hostname="fv-az405-424" name="com.learning.tests.OrangeHRMTests" tests="1" failures="0" timestamp="2023-05-26T01:23:59 UTC" time="39.023" errors="0">
  <testcase name="loginLogout" time="39.023" classname="com.learning.tests.OrangeHRMTests"/>
  <system-out/>
</testsuite> <!-- com.learning.tests.OrangeHRMTests -->
