<?xml version="1.0" encoding="UTF-8"?>
<!-- Generated by org.testng.reporters.JUnitReportReporter -->
<testsuite skipped="0" hostname="fv-az1564-782" name="com.learning.tests.OrangeHRMTests" tests="1" failures="0" timestamp="2024-01-13T01:17:08 UTC" time="36.382" errors="0">
  <testcase name="loginLogout" time="36.382" classname="com.learning.tests.OrangeHRMTests"/>
  <system-out/>
</testsuite> <!-- com.learning.tests.OrangeHRMTests -->
