<?xml version="1.0" encoding="UTF-8"?>
<!-- Generated by org.testng.reporters.JUnitReportReporter -->
<testsuite skipped="0" hostname="fv-az283-475" name="com.learning.tests.OrangeHRMTests" tests="1" failures="0" timestamp="2023-10-27T01:17:57 UTC" time="23.276" errors="0">
  <testcase name="loginLogout" time="23.276" classname="com.learning.tests.OrangeHRMTests"/>
  <system-out/>
</testsuite> <!-- com.learning.tests.OrangeHRMTests -->
