<?xml version="1.0" encoding="UTF-8"?>
<!-- Generated by org.testng.reporters.JUnitReportReporter -->
<testsuite skipped="0" hostname="fv-az250-126" name="com.learning.tests.OrangeHRMTests" tests="1" failures="0" timestamp="2023-06-14T01:31:56 UTC" time="41.666" errors="0">
  <testcase name="loginLogout" time="41.666" classname="com.learning.tests.OrangeHRMTests"/>
  <system-out/>
</testsuite> <!-- com.learning.tests.OrangeHRMTests -->
