<?xml version="1.0" encoding="UTF-8"?>
<!-- Generated by org.testng.reporters.JUnitReportReporter -->
<testsuite skipped="0" hostname="fv-az1111-852" name="com.learning.tests.OrangeHRMTests" tests="1" failures="0" timestamp="2023-12-27T01:15:14 UTC" time="37.532" errors="0">
  <testcase name="loginLogout" time="37.532" classname="com.learning.tests.OrangeHRMTests"/>
  <system-out/>
</testsuite> <!-- com.learning.tests.OrangeHRMTests -->
