<?xml version="1.0" encoding="UTF-8"?>
<!-- Generated by org.testng.reporters.JUnitReportReporter -->
<testsuite skipped="0" hostname="fv-az1455-567" name="com.learning.tests.OrangeHRMTests" tests="1" failures="0" timestamp="2024-01-17T01:19:06 UTC" time="36.113" errors="0">
  <testcase name="loginLogout" time="36.113" classname="com.learning.tests.OrangeHRMTests"/>
  <system-out/>
</testsuite> <!-- com.learning.tests.OrangeHRMTests -->
