<?xml version="1.0" encoding="UTF-8"?>
<!-- Generated by org.testng.reporters.JUnitReportReporter -->
<testsuite skipped="0" hostname="fv-az885-303" name="com.learning.tests.OrangeHRMTests" tests="1" failures="0" timestamp="2023-09-07T01:17:07 UTC" time="44.170" errors="0">
  <testcase name="loginLogout" time="44.170" classname="com.learning.tests.OrangeHRMTests"/>
  <system-out/>
</testsuite> <!-- com.learning.tests.OrangeHRMTests -->
