<?xml version="1.0" encoding="UTF-8"?>
<!-- Generated by org.testng.reporters.JUnitReportReporter -->
<testsuite skipped="0" hostname="fv-az1230-668" name="com.learning.tests.OrangeHRMTests" tests="1" failures="0" timestamp="2023-05-02T11:52:45 UTC" time="37.255" errors="0">
  <testcase name="loginLogout" time="37.255" classname="com.learning.tests.OrangeHRMTests"/>
  <system-out/>
</testsuite> <!-- com.learning.tests.OrangeHRMTests -->
