<?xml version="1.0" encoding="UTF-8"?>
<!-- Generated by org.testng.reporters.JUnitReportReporter -->
<testsuite skipped="0" hostname="fv-az1564-337" name="com.learning.tests.OrangeHRMTests" tests="1" failures="0" timestamp="2023-11-19T01:21:20 UTC" time="21.052" errors="0">
  <testcase name="loginLogout" time="21.052" classname="com.learning.tests.OrangeHRMTests"/>
  <system-out/>
</testsuite> <!-- com.learning.tests.OrangeHRMTests -->
