<?xml version="1.0" encoding="UTF-8"?>
<!-- Generated by org.testng.reporters.JUnitReportReporter -->
<testsuite skipped="0" hostname="fv-az1111-413" name="com.learning.tests.OrangeHRMTests" tests="1" failures="0" timestamp="2024-02-09T01:13:11 UTC" time="45.277" errors="0">
  <testcase name="loginLogout" time="45.277" classname="com.learning.tests.OrangeHRMTests"/>
  <system-out/>
</testsuite> <!-- com.learning.tests.OrangeHRMTests -->
