<?xml version="1.0" encoding="UTF-8"?>
<!-- Generated by org.testng.reporters.JUnitReportReporter -->
<testsuite skipped="0" hostname="fv-az1258-299" name="com.learning.tests.OrangeHRMTests" tests="1" failures="0" timestamp="2024-01-30T01:13:03 UTC" time="38.595" errors="0">
  <testcase name="loginLogout" time="38.595" classname="com.learning.tests.OrangeHRMTests"/>
  <system-out/>
</testsuite> <!-- com.learning.tests.OrangeHRMTests -->
