<?xml version="1.0" encoding="UTF-8"?>
<!-- Generated by org.testng.reporters.JUnitReportReporter -->
<testsuite skipped="0" hostname="fv-az89-197" name="com.learning.tests.OrangeHRMTests" tests="1" failures="0" timestamp="2023-04-18T15:46:26 UTC" time="36.899" errors="0">
  <testcase name="loginLogout" time="36.899" classname="com.learning.tests.OrangeHRMTests"/>
  <system-out/>
</testsuite> <!-- com.learning.tests.OrangeHRMTests -->
