<?xml version="1.0" encoding="UTF-8"?>
<!-- Generated by org.testng.reporters.JUnitReportReporter -->
<testsuite skipped="0" hostname="fv-az89-429" name="com.learning.tests.OrangeHRMTests" tests="1" failures="0" timestamp="2023-05-27T01:28:30 UTC" time="25.165" errors="0">
  <testcase name="loginLogout" time="25.165" classname="com.learning.tests.OrangeHRMTests"/>
  <system-out/>
</testsuite> <!-- com.learning.tests.OrangeHRMTests -->
