<?xml version="1.0" encoding="UTF-8"?>
<!-- Generated by org.testng.reporters.JUnitReportReporter -->
<testsuite skipped="0" hostname="fv-az269-402" name="com.learning.tests.OrangeHRMTests" tests="1" failures="0" timestamp="2023-07-07T01:51:06 UTC" time="34.564" errors="0">
  <testcase name="loginLogout" time="34.564" classname="com.learning.tests.OrangeHRMTests"/>
  <system-out/>
</testsuite> <!-- com.learning.tests.OrangeHRMTests -->
