<?xml version="1.0" encoding="UTF-8"?>
<!-- Generated by org.testng.reporters.JUnitReportReporter -->
<testsuite skipped="0" hostname="fv-az1455-140" name="com.learning.tests.OrangeHRMTests" tests="1" failures="0" timestamp="2024-01-08T01:18:43 UTC" time="34.693" errors="0">
  <testcase name="loginLogout" time="34.693" classname="com.learning.tests.OrangeHRMTests"/>
  <system-out/>
</testsuite> <!-- com.learning.tests.OrangeHRMTests -->
