<?xml version="1.0" encoding="UTF-8"?>
<!-- Generated by org.testng.reporters.JUnitReportReporter -->
<testsuite skipped="0" hostname="fv-az464-233" name="com.learning.tests.OrangeHRMTests" tests="1" failures="0" timestamp="2023-04-18T15:13:07 UTC" time="34.956" errors="0">
  <testcase name="loginLogout" time="34.956" classname="com.learning.tests.OrangeHRMTests"/>
  <system-out/>
</testsuite> <!-- com.learning.tests.OrangeHRMTests -->
