<?xml version="1.0" encoding="UTF-8"?>
<!-- Generated by org.testng.reporters.JUnitReportReporter -->
<testsuite skipped="0" hostname="fv-az521-643" name="com.learning.tests.OrangeHRMTests" tests="1" failures="0" timestamp="2023-11-05T01:18:16 UTC" time="38.716" errors="0">
  <testcase name="loginLogout" time="38.716" classname="com.learning.tests.OrangeHRMTests"/>
  <system-out/>
</testsuite> <!-- com.learning.tests.OrangeHRMTests -->
