<?xml version="1.0" encoding="UTF-8"?>
<!-- Generated by org.testng.reporters.JUnitReportReporter -->
<testsuite skipped="0" hostname="fv-az1258-299" name="com.learning.tests.OrangeHRMTests" tests="1" failures="0" timestamp="2024-01-28T01:18:08 UTC" time="46.304" errors="0">
  <testcase name="loginLogout" time="46.304" classname="com.learning.tests.OrangeHRMTests"/>
  <system-out/>
</testsuite> <!-- com.learning.tests.OrangeHRMTests -->
