<?xml version="1.0" encoding="UTF-8"?>
<!-- Generated by org.testng.reporters.JUnitReportReporter -->
<testsuite skipped="0" hostname="fv-az1252-556" name="com.learning.tests.OrangeHRMTests" tests="1" failures="0" timestamp="2023-07-25T01:35:49 UTC" time="41.129" errors="0">
  <testcase name="loginLogout" time="41.129" classname="com.learning.tests.OrangeHRMTests"/>
  <system-out/>
</testsuite> <!-- com.learning.tests.OrangeHRMTests -->
