<?xml version="1.0" encoding="UTF-8"?>
<!-- Generated by org.testng.reporters.JUnitReportReporter -->
<testsuite skipped="0" hostname="fv-az250-601" name="com.learning.tests.OrangeHRMTests" tests="1" failures="0" timestamp="2023-06-04T01:56:09 UTC" time="39.776" errors="0">
  <testcase name="loginLogout" time="39.776" classname="com.learning.tests.OrangeHRMTests"/>
  <system-out/>
</testsuite> <!-- com.learning.tests.OrangeHRMTests -->
