<?xml version="1.0" encoding="UTF-8"?>
<!-- Generated by org.testng.reporters.JUnitReportReporter -->
<testsuite skipped="0" hostname="fv-az206-303" name="com.learning.tests.OrangeHRMTests" tests="1" failures="0" timestamp="2023-05-03T01:20:02 UTC" time="18.493" errors="0">
  <testcase name="loginLogout" time="18.493" classname="com.learning.tests.OrangeHRMTests"/>
  <system-out/>
</testsuite> <!-- com.learning.tests.OrangeHRMTests -->
