<?xml version="1.0" encoding="UTF-8"?>
<!-- Generated by org.testng.reporters.JUnitReportReporter -->
<testsuite skipped="0" hostname="fv-az365-627" name="com.learning.tests.OrangeHRMTests" tests="1" failures="0" timestamp="2023-09-03T01:16:25 UTC" time="38.423" errors="0">
  <testcase name="loginLogout" time="38.423" classname="com.learning.tests.OrangeHRMTests"/>
  <system-out/>
</testsuite> <!-- com.learning.tests.OrangeHRMTests -->
