<?xml version="1.0" encoding="UTF-8"?>
<!-- Generated by org.testng.reporters.JUnitReportReporter -->
<testsuite skipped="0" hostname="fv-az663-950" name="com.learning.tests.OrangeHRMTests" tests="1" failures="0" timestamp="2024-01-22T01:21:33 UTC" time="41.677" errors="0">
  <testcase name="loginLogout" time="41.677" classname="com.learning.tests.OrangeHRMTests"/>
  <system-out/>
</testsuite> <!-- com.learning.tests.OrangeHRMTests -->
