<?xml version="1.0" encoding="UTF-8"?>
<!-- Generated by org.testng.reporters.JUnitReportReporter -->
<testsuite skipped="0" hostname="fv-az663-160" name="com.learning.tests.OrangeHRMTests" tests="1" failures="0" timestamp="2024-02-06T01:16:34 UTC" time="51.485" errors="0">
  <testcase name="loginLogout" time="51.485" classname="com.learning.tests.OrangeHRMTests"/>
  <system-out/>
</testsuite> <!-- com.learning.tests.OrangeHRMTests -->
