<?xml version="1.0" encoding="UTF-8"?>
<!-- Generated by org.testng.reporters.JUnitReportReporter -->
<testsuite skipped="0" hostname="fv-az1388-520" name="com.learning.tests.OrangeHRMTests" tests="1" failures="0" timestamp="2023-12-23T01:15:39 UTC" time="35.295" errors="0">
  <testcase name="loginLogout" time="35.295" classname="com.learning.tests.OrangeHRMTests"/>
  <system-out/>
</testsuite> <!-- com.learning.tests.OrangeHRMTests -->
