<?xml version="1.0" encoding="UTF-8"?>
<!-- Generated by org.testng.reporters.JUnitReportReporter -->
<testsuite skipped="0" hostname="fv-az1238-678" name="com.learning.tests.OrangeHRMTests" tests="1" failures="0" timestamp="2023-08-06T01:18:35 UTC" time="39.717" errors="0">
  <testcase name="loginLogout" time="39.717" classname="com.learning.tests.OrangeHRMTests"/>
  <system-out/>
</testsuite> <!-- com.learning.tests.OrangeHRMTests -->
