<?xml version="1.0" encoding="UTF-8"?>
<!-- Generated by org.testng.reporters.JUnitReportReporter -->
<testsuite skipped="0" hostname="fv-az1111-513" name="com.learning.tests.OrangeHRMTests" tests="1" failures="0" timestamp="2023-12-19T01:16:55 UTC" time="44.317" errors="0">
  <testcase name="loginLogout" time="44.317" classname="com.learning.tests.OrangeHRMTests"/>
  <system-out/>
</testsuite> <!-- com.learning.tests.OrangeHRMTests -->
