<?xml version="1.0" encoding="UTF-8"?>
<!-- Generated by org.testng.reporters.JUnitReportReporter -->
<testsuite skipped="0" hostname="fv-az885-939" name="com.learning.tests.OrangeHRMTests" tests="1" failures="0" timestamp="2023-11-14T01:15:17 UTC" time="36.653" errors="0">
  <testcase name="loginLogout" time="36.653" classname="com.learning.tests.OrangeHRMTests"/>
  <system-out/>
</testsuite> <!-- com.learning.tests.OrangeHRMTests -->
