<?xml version="1.0" encoding="UTF-8"?>
<!-- Generated by org.testng.reporters.JUnitReportReporter -->
<testsuite skipped="0" hostname="fv-az250-832" name="com.learning.tests.OrangeHRMTests" tests="1" failures="0" timestamp="2023-07-17T01:55:57 UTC" time="35.608" errors="0">
  <testcase name="loginLogout" time="35.608" classname="com.learning.tests.OrangeHRMTests"/>
  <system-out/>
</testsuite> <!-- com.learning.tests.OrangeHRMTests -->
