<?xml version="1.0" encoding="UTF-8"?>
<!-- Generated by org.testng.reporters.JUnitReportReporter -->
<testsuite skipped="0" hostname="fv-az405-886" name="com.learning.tests.OrangeHRMTests" tests="1" failures="0" timestamp="2023-06-21T01:31:17 UTC" time="64.816" errors="0">
  <testcase name="loginLogout" time="64.816" classname="com.learning.tests.OrangeHRMTests"/>
  <system-out/>
</testsuite> <!-- com.learning.tests.OrangeHRMTests -->
