<?xml version="1.0" encoding="UTF-8"?>
<!-- Generated by org.testng.reporters.JUnitReportReporter -->
<testsuite skipped="0" hostname="fv-az411-178" name="com.learning.tests.OrangeHRMTests" tests="1" failures="0" timestamp="2023-06-11T01:52:53 UTC" time="64.898" errors="0">
  <testcase name="loginLogout" time="64.898" classname="com.learning.tests.OrangeHRMTests"/>
  <system-out/>
</testsuite> <!-- com.learning.tests.OrangeHRMTests -->
