<?xml version="1.0" encoding="UTF-8"?>
<!-- Generated by org.testng.reporters.JUnitReportReporter -->
<testsuite skipped="0" hostname="fv-az456-572" name="com.learning.tests.OrangeHRMTests" tests="1" failures="0" timestamp="2023-05-06T01:14:49 UTC" time="18.215" errors="0">
  <testcase name="loginLogout" time="18.215" classname="com.learning.tests.OrangeHRMTests"/>
  <system-out/>
</testsuite> <!-- com.learning.tests.OrangeHRMTests -->
