<?xml version="1.0" encoding="UTF-8"?>
<!-- Generated by org.testng.reporters.JUnitReportReporter -->
<testsuite skipped="0" hostname="fv-az192-116" name="com.learning.tests.OrangeHRMTests" tests="1" failures="0" timestamp="2023-05-09T14:04:25 UTC" time="41.723" errors="0">
  <testcase name="loginLogout" time="41.723" classname="com.learning.tests.OrangeHRMTests"/>
  <system-out/>
</testsuite> <!-- com.learning.tests.OrangeHRMTests -->
