<?xml version="1.0" encoding="UTF-8"?>
<!-- Generated by org.testng.reporters.JUnitReportReporter -->
<testsuite skipped="0" hostname="fv-az277-476" name="com.learning.tests.OrangeHRMTests" tests="1" failures="0" timestamp="2023-10-16T01:16:02 UTC" time="35.120" errors="0">
  <testcase name="loginLogout" time="35.120" classname="com.learning.tests.OrangeHRMTests"/>
  <system-out/>
</testsuite> <!-- com.learning.tests.OrangeHRMTests -->
