<?xml version="1.0" encoding="UTF-8"?>
<!-- Generated by org.testng.reporters.JUnitReportReporter -->
<testsuite skipped="0" hostname="fv-az269-753" name="com.learning.tests.OrangeHRMTests" tests="1" failures="0" timestamp="2023-04-18T15:05:17 UTC" time="50.235" errors="0">
  <testcase name="loginLogout" time="50.235" classname="com.learning.tests.OrangeHRMTests"/>
  <system-out/>
</testsuite> <!-- com.learning.tests.OrangeHRMTests -->
