<?xml version="1.0" encoding="UTF-8"?>
<!-- Generated by org.testng.reporters.JUnitReportReporter -->
<testsuite skipped="0" hostname="fv-az319-950" name="com.learning.tests.OrangeHRMTests" tests="1" failures="0" timestamp="2023-05-12T01:23:34 UTC" time="34.647" errors="0">
  <testcase name="loginLogout" time="34.647" classname="com.learning.tests.OrangeHRMTests"/>
  <system-out/>
</testsuite> <!-- com.learning.tests.OrangeHRMTests -->
