<?xml version="1.0" encoding="UTF-8"?>
<!-- Generated by org.testng.reporters.JUnitReportReporter -->
<testsuite skipped="0" hostname="fv-az972-285" name="com.learning.tests.OrangeHRMTests" tests="1" failures="0" timestamp="2024-02-19T01:15:18 UTC" time="36.040" errors="0">
  <testcase name="loginLogout" time="36.040" classname="com.learning.tests.OrangeHRMTests"/>
  <system-out/>
</testsuite> <!-- com.learning.tests.OrangeHRMTests -->
