<?xml version="1.0" encoding="UTF-8"?>
<!-- Generated by org.testng.reporters.JUnitReportReporter -->
<testsuite skipped="0" hostname="fv-az1111-934" name="com.learning.tests.OrangeHRMTests" tests="1" failures="0" timestamp="2024-03-16T01:12:29 UTC" time="37.481" errors="0">
  <testcase name="loginLogout" time="37.481" classname="com.learning.tests.OrangeHRMTests"/>
  <system-out/>
</testsuite> <!-- com.learning.tests.OrangeHRMTests -->
