<?xml version="1.0" encoding="UTF-8"?>
<!-- Generated by org.testng.reporters.JUnitReportReporter -->
<testsuite skipped="0" hostname="fv-az1105-941" name="com.learning.tests.OrangeHRMTests" tests="1" failures="0" timestamp="2024-03-26T01:13:17 UTC" time="35.759" errors="0">
  <testcase name="loginLogout" time="35.759" classname="com.learning.tests.OrangeHRMTests"/>
  <system-out/>
</testsuite> <!-- com.learning.tests.OrangeHRMTests -->
