<?xml version="1.0" encoding="UTF-8"?>
<!-- Generated by org.testng.reporters.JUnitReportReporter -->
<testsuite skipped="0" hostname="fv-az1455-256" name="com.learning.tests.OrangeHRMTests" tests="1" failures="0" timestamp="2023-12-10T01:22:11 UTC" time="38.751" errors="0">
  <testcase name="loginLogout" time="38.751" classname="com.learning.tests.OrangeHRMTests"/>
  <system-out/>
</testsuite> <!-- com.learning.tests.OrangeHRMTests -->
