<?xml version="1.0" encoding="UTF-8"?>
<!-- Generated by org.testng.reporters.JUnitReportReporter -->
<testsuite skipped="0" hostname="fv-az553-779" name="com.learning.tests.OrangeHRMTests" tests="1" failures="0" timestamp="2023-05-02T01:30:39 UTC" time="83.109" errors="0">
  <testcase name="loginLogout" time="83.109" classname="com.learning.tests.OrangeHRMTests"/>
  <system-out/>
</testsuite> <!-- com.learning.tests.OrangeHRMTests -->
