<?xml version="1.0" encoding="UTF-8"?>
<!-- Generated by org.testng.reporters.JUnitReportReporter -->
<testsuite skipped="0" hostname="fv-az1230-136" name="com.learning.tests.OrangeHRMTests" tests="1" failures="0" timestamp="2023-06-25T01:57:01 UTC" time="30.385" errors="0">
  <testcase name="loginLogout" time="30.385" classname="com.learning.tests.OrangeHRMTests"/>
  <system-out/>
</testsuite> <!-- com.learning.tests.OrangeHRMTests -->
