<?xml version="1.0" encoding="UTF-8"?>
<!-- Generated by org.testng.reporters.JUnitReportReporter -->
<testsuite skipped="0" hostname="fv-az1455-102" name="com.learning.tests.OrangeHRMTests" tests="1" failures="0" timestamp="2024-03-29T01:13:51 UTC" time="34.380" errors="0">
  <testcase name="loginLogout" time="34.380" classname="com.learning.tests.OrangeHRMTests"/>
  <system-out/>
</testsuite> <!-- com.learning.tests.OrangeHRMTests -->
