<?xml version="1.0" encoding="UTF-8"?>
<!-- Generated by org.testng.reporters.JUnitReportReporter -->
<testsuite skipped="0" hostname="fv-az252-328" name="com.learning.tests.OrangeHRMTests" tests="1" failures="0" timestamp="2023-07-11T01:35:31 UTC" time="37.310" errors="0">
  <testcase name="loginLogout" time="37.310" classname="com.learning.tests.OrangeHRMTests"/>
  <system-out/>
</testsuite> <!-- com.learning.tests.OrangeHRMTests -->
