<?xml version="1.0" encoding="UTF-8"?>
<!-- Generated by org.testng.reporters.JUnitReportReporter -->
<testsuite skipped="0" hostname="fv-az89-774" name="com.learning.tests.OrangeHRMTests" tests="1" failures="0" timestamp="2023-09-11T01:19:56 UTC" time="61.836" errors="0">
  <testcase name="loginLogout" time="61.836" classname="com.learning.tests.OrangeHRMTests"/>
  <system-out/>
</testsuite> <!-- com.learning.tests.OrangeHRMTests -->
