<?xml version="1.0" encoding="UTF-8"?>
<!-- Generated by org.testng.reporters.JUnitReportReporter -->
<testsuite skipped="0" hostname="fv-az586-734" name="com.learning.tests.OrangeHRMTests" tests="1" failures="0" timestamp="2024-03-04T01:12:56 UTC" time="34.094" errors="0">
  <testcase name="loginLogout" time="34.094" classname="com.learning.tests.OrangeHRMTests"/>
  <system-out/>
</testsuite> <!-- com.learning.tests.OrangeHRMTests -->
