<?xml version="1.0" encoding="UTF-8"?>
<!-- Generated by org.testng.reporters.JUnitReportReporter -->
<testsuite skipped="0" hostname="fv-az663-517" name="com.learning.tests.OrangeHRMTests" tests="1" failures="0" timestamp="2024-03-01T01:21:33 UTC" time="36.611" errors="0">
  <testcase name="loginLogout" time="36.611" classname="com.learning.tests.OrangeHRMTests"/>
  <system-out/>
</testsuite> <!-- com.learning.tests.OrangeHRMTests -->
