<?xml version="1.0" encoding="UTF-8"?>
<!-- Generated by org.testng.reporters.JUnitReportReporter -->
<testsuite skipped="0" hostname="fv-az623-348" name="com.learning.tests.OrangeHRMTests" tests="1" failures="0" timestamp="2023-06-24T01:43:04 UTC" time="46.110" errors="0">
  <testcase name="loginLogout" time="46.110" classname="com.learning.tests.OrangeHRMTests"/>
  <system-out/>
</testsuite> <!-- com.learning.tests.OrangeHRMTests -->
