<?xml version="1.0" encoding="UTF-8"?>
<!-- Generated by org.testng.reporters.JUnitReportReporter -->
<testsuite skipped="0" hostname="fv-az836-772" name="com.learning.tests.OrangeHRMTests" tests="1" failures="0" timestamp="2024-03-08T01:12:24 UTC" time="20.249" errors="0">
  <testcase name="loginLogout" time="20.249" classname="com.learning.tests.OrangeHRMTests"/>
  <system-out/>
</testsuite> <!-- com.learning.tests.OrangeHRMTests -->
