<?xml version="1.0" encoding="UTF-8"?>
<!-- Generated by org.testng.reporters.JUnitReportReporter -->
<testsuite skipped="0" hostname="fv-az89-209" name="com.learning.tests.OrangeHRMTests" tests="1" failures="0" timestamp="2023-09-23T01:13:28 UTC" time="42.350" errors="0">
  <testcase name="loginLogout" time="42.350" classname="com.learning.tests.OrangeHRMTests"/>
  <system-out/>
</testsuite> <!-- com.learning.tests.OrangeHRMTests -->
