<?xml version="1.0" encoding="UTF-8"?>
<!-- Generated by org.testng.reporters.JUnitReportReporter -->
<testsuite skipped="0" hostname="fv-az534-920" name="com.learning.tests.OrangeHRMTests" tests="1" failures="0" timestamp="2023-12-20T01:06:46 UTC" time="37.601" errors="0">
  <testcase name="loginLogout" time="37.601" classname="com.learning.tests.OrangeHRMTests"/>
  <system-out/>
</testsuite> <!-- com.learning.tests.OrangeHRMTests -->
